e:\vanthanhmuonline\season6custom\source\server\dataserver\dataserver\release\dataserver_ex603\esprotocol.obj
e:\vanthanhmuonline\season6custom\source\server\dataserver\dataserver\release\dataserver_ex603\dataserverprotocol.obj
e:\vanthanhmuonline\season6custom\source\server\dataserver\dataserver\release\dataserver_ex603\dataserver.obj
e:\vanthanhmuonline\season6custom\source\server\dataserver\dataserver\release\dataserver_ex603\guildmanager.obj
e:\vanthanhmuonline\season6custom\source\server\dataserver\dataserver\release\dataserver_ex603\muunsystem.obj
e:\vanthanhmuonline\season6custom\source\server\dataserver\dataserver\release\dataserver_ex603\npctalk.obj
e:\vanthanhmuonline\season6custom\source\server\dataserver\dataserver\release\dataserver_ex603\murummy.obj
e:\vanthanhmuonline\season6custom\source\server\dataserver\dataserver\release\dataserver_ex603\masterskilltree.obj
e:\vanthanhmuonline\season6custom\source\server\dataserver\dataserver\release\dataserver_ex603\luckyitem.obj
e:\vanthanhmuonline\season6custom\source\server\dataserver\dataserver\release\dataserver_ex603\luckycoin.obj
e:\vanthanhmuonline\season6custom\source\server\dataserver\dataserver\release\dataserver_ex603\helper.obj
e:\vanthanhmuonline\season6custom\source\server\dataserver\dataserver\release\dataserver_ex603\guildmatching.obj
e:\vanthanhmuonline\season6custom\source\server\dataserver\dataserver\release\dataserver_ex603\genssystem.obj
e:\vanthanhmuonline\season6custom\source\server\dataserver\dataserver\release\dataserver_ex603\eventinventory.obj
e:\vanthanhmuonline\season6custom\source\server\dataserver\dataserver\release\dataserver_ex603\commandmanager.obj
e:\vanthanhmuonline\season6custom\source\server\dataserver\dataserver\release\dataserver_ex603\chotroi.obj
e:\vanthanhmuonline\season6custom\source\server\dataserver\dataserver\release\dataserver_ex603\castledbset.obj
e:\vanthanhmuonline\season6custom\source\server\dataserver\dataserver\release\dataserver_ex603\cashshop.obj
e:\vanthanhmuonline\season6custom\source\server\dataserver\dataserver\release\dataserver_ex603\csprotocol.obj
e:\vanthanhmuonline\season6custom\source\server\dataserver\dataserver\release\dataserver_ex603\arcabattle.obj
e:\vanthanhmuonline\season6custom\source\server\dataserver\dataserver\release\dataserver_ex603\warehouse.obj
e:\vanthanhmuonline\season6custom\source\server\dataserver\dataserver\release\dataserver_ex603\socketmanager.obj
e:\vanthanhmuonline\season6custom\source\server\dataserver\dataserver\release\dataserver_ex603\servermanager.obj
e:\vanthanhmuonline\season6custom\source\server\dataserver\dataserver\release\dataserver_ex603\reidomu.obj
e:\vanthanhmuonline\season6custom\source\server\dataserver\dataserver\release\dataserver_ex603\questworld.obj
e:\vanthanhmuonline\season6custom\source\server\dataserver\dataserver\release\dataserver_ex603\quest.obj
e:\vanthanhmuonline\season6custom\source\server\dataserver\dataserver\release\dataserver_ex603\personalshop.obj
e:\vanthanhmuonline\season6custom\source\server\dataserver\dataserver\release\dataserver_ex603\pentagramsystem.obj
e:\vanthanhmuonline\season6custom\source\server\dataserver\dataserver\release\dataserver_ex603\pcpoint.obj
e:\vanthanhmuonline\season6custom\source\server\dataserver\dataserver\release\dataserver_ex603\partymatching.obj
e:\vanthanhmuonline\season6custom\source\server\dataserver\dataserver\release\dataserver_ex603\dataserver.pch
e:\vanthanhmuonline\season6custom\source\server\dataserver\dataserver\release\dataserver_ex603\stdafx.obj
e:\vanthanhmuonline\season6custom\source\server\dataserver\dataserver\release\dataserver_ex603\vc100.pdb
e:\vanthanhmuonline\season6custom\source\server\dataserver\dataserver\release\dataserver_ex603\log.obj
e:\vanthanhmuonline\season6custom\source\server\dataserver\dataserver\release\dataserver_ex603\criticalsection.obj
e:\vanthanhmuonline\season6custom\source\server\dataserver\dataserver\release\dataserver_ex603\charactermanager.obj
e:\vanthanhmuonline\season6custom\source\server\dataserver\dataserver\release\dataserver_ex603\badsyntax.obj
e:\vanthanhmuonline\season6custom\source\server\dataserver\dataserver\release\dataserver_ex603\allowableiplist.obj
e:\vanthanhmuonline\season6custom\source\server\dataserver\dataserver\release\dataserver_ex603\serverdisplayer.obj
e:\vanthanhmuonline\season6custom\source\server\dataserver\dataserver\release\dataserver_ex603\queue.obj
e:\vanthanhmuonline\season6custom\source\server\dataserver\dataserver\release\dataserver_ex603\querymanager.obj
e:\vanthanhmuonline\season6custom\source\server\dataserver\dataserver\release\dataserver_ex603\protect.obj
e:\vanthanhmuonline\season6custom\source\server\dataserver\dataserver\release\dataserver_ex603\minidump.obj
e:\vanthanhmuonline\season6custom\source\server\dataserver\dataserver\release\dataserver_ex603\memscript.obj
e:\vanthanhmuonline\season6custom\source\server\dataserver\dataserver\release\dataserver_ex603\util.obj
e:\vanthanhmuonline\season6custom\muserver\dataserver\dataserver.exe
e:\vanthanhmuonline\season6custom\source\server\dataserver\dataserver\release\dataserver_ex603\dataserver.res
e:\vanthanhmuonline\season6custom\source\server\dataserver\dataserver\release\dataserver_ex603\cl.command.1.tlog
e:\vanthanhmuonline\season6custom\source\server\dataserver\dataserver\release\dataserver_ex603\cl.read.1.tlog
e:\vanthanhmuonline\season6custom\source\server\dataserver\dataserver\release\dataserver_ex603\cl.write.1.tlog
e:\vanthanhmuonline\season6custom\source\server\dataserver\dataserver\release\dataserver_ex603\link-cvtres.read.1.tlog
e:\vanthanhmuonline\season6custom\source\server\dataserver\dataserver\release\dataserver_ex603\link-cvtres.write.1.tlog
e:\vanthanhmuonline\season6custom\source\server\dataserver\dataserver\release\dataserver_ex603\link.command.1.tlog
e:\vanthanhmuonline\season6custom\source\server\dataserver\dataserver\release\dataserver_ex603\link.read.1.tlog
e:\vanthanhmuonline\season6custom\source\server\dataserver\dataserver\release\dataserver_ex603\link.write.1.tlog
e:\vanthanhmuonline\season6custom\source\server\dataserver\dataserver\release\dataserver_ex603\mt.command.1.tlog
e:\vanthanhmuonline\season6custom\source\server\dataserver\dataserver\release\dataserver_ex603\mt.read.1.tlog
e:\vanthanhmuonline\season6custom\source\server\dataserver\dataserver\release\dataserver_ex603\mt.write.1.tlog
e:\vanthanhmuonline\season6custom\source\server\dataserver\dataserver\release\dataserver_ex603\rc.command.1.tlog
e:\vanthanhmuonline\season6custom\source\server\dataserver\dataserver\release\dataserver_ex603\rc.read.1.tlog
e:\vanthanhmuonline\season6custom\source\server\dataserver\dataserver\release\dataserver_ex603\rc.write.1.tlog
e:\vanthanhmuonline\season6custom\source\server\dataserver\dataserver\release\dataserver_ex603\dataserver.exe.intermediate.manifest
e:\vanthanhmuonline\season6custom\source\server\dataserver\dataserver\..\..\..\..\muserver\dataserver\dataserver.exe
