Build started 29/03/2022 8:27:27 PM.
     1>Project "E:\VanThanhMuOnline\Season6Custom\Source\Server\DataServer\DataServer\DataServer.vcxproj" on node 2 (Build target(s)).
     1>C:\Program Files (x86)\MSBuild\Microsoft.Cpp\v4.0\Microsoft.CppBuild.targets(299,5): warning MSB8004: Output Directory does not end with a trailing slash.  This build instance will add the slash as it is required to allow proper evaluation of the Output Directory.
     1>Link:
         C:\Program Files (x86)\Microsoft Visual Studio 10.0\VC\bin\link.exe /ERRORREPORT:PROMPT /OUT:"..\..\..\..\MuServer\DataServer\DataServer.exe" /INCREMENTAL:NO /NOLOGO kernel32.lib user32.lib gdi32.lib winspool.lib comdlg32.lib advapi32.lib shell32.lib ole32.lib oleaut32.lib uuid.lib odbc32.lib odbccp32.lib /MANIFEST /ManifestFile:"Release\DataServer_EX603\DataServer.exe.intermediate.manifest" /MANIFESTUAC:"level='asInvoker' uiAccess='false'" /DEBUG /PDB:"E:\VanThanhMuOnline\Season6Custom\MuServer\DataServer\DataServer.pdb" /SUBSYSTEM:WINDOWS /OPT:REF /OPT:ICF /LTCG /TLBID:1 /DYNAMICBASE /NXCOMPAT /IMPLIB:"..\..\..\..\MuServer\DataServer\DataServer.lib" /MACHINE:X86 Release\DataServer_EX603\DataServer.res
         Release\DataServer_EX603\AllowableIpList.obj
         Release\DataServer_EX603\ArcaBattle.obj
         Release\DataServer_EX603\BadSyntax.obj
         Release\DataServer_EX603\CashShop.obj
         Release\DataServer_EX603\CastleDBSet.obj
         Release\DataServer_EX603\CharacterManager.obj
         Release\DataServer_EX603\ChoTroi.obj
         Release\DataServer_EX603\CommandManager.obj
         Release\DataServer_EX603\CriticalSection.obj
         Release\DataServer_EX603\CSProtocol.obj
         Release\DataServer_EX603\DataServer.obj
         Release\DataServer_EX603\DataServerProtocol.obj
         Release\DataServer_EX603\ESProtocol.obj
         Release\DataServer_EX603\EventInventory.obj
         Release\DataServer_EX603\GensSystem.obj
         Release\DataServer_EX603\GuildManager.obj
         Release\DataServer_EX603\GuildMatching.obj
         Release\DataServer_EX603\Helper.obj
         Release\DataServer_EX603\Log.obj
         Release\DataServer_EX603\LuckyCoin.obj
         Release\DataServer_EX603\LuckyItem.obj
         Release\DataServer_EX603\MasterSkillTree.obj
         Release\DataServer_EX603\MemScript.obj
         Release\DataServer_EX603\MiniDump.obj
         Release\DataServer_EX603\MuRummy.obj
         Release\DataServer_EX603\MuunSystem.obj
         Release\DataServer_EX603\NpcTalk.obj
         Release\DataServer_EX603\PartyMatching.obj
         Release\DataServer_EX603\PcPoint.obj
         Release\DataServer_EX603\PentagramSystem.obj
         Release\DataServer_EX603\PersonalShop.obj
         Release\DataServer_EX603\Protect.obj
         Release\DataServer_EX603\QueryManager.obj
         Release\DataServer_EX603\Quest.obj
         Release\DataServer_EX603\QuestWorld.obj
         Release\DataServer_EX603\Queue.obj
         Release\DataServer_EX603\ReiDoMU.obj
         Release\DataServer_EX603\ServerDisplayer.obj
         Release\DataServer_EX603\ServerManager.obj
         Release\DataServer_EX603\SocketManager.obj
         Release\DataServer_EX603\stdafx.obj
         Release\DataServer_EX603\Util.obj
         Release\DataServer_EX603\Warehouse.obj
         Generating code
         Finished generating code
         DataServer.vcxproj -> E:\VanThanhMuOnline\Season6Custom\Source\Server\DataServer\DataServer\..\..\..\..\MuServer\DataServer\DataServer.exe
       Manifest:
         C:\Program Files (x86)\Microsoft SDKs\Windows\v7.0A\bin\mt.exe /nologo /verbose /outputresource:"..\..\..\..\MuServer\DataServer\DataServer.exe;#1" /manifest Release\DataServer_EX603\DataServer.exe.intermediate.manifest
     1>Done Building Project "E:\VanThanhMuOnline\Season6Custom\Source\Server\DataServer\DataServer\DataServer.vcxproj" (Build target(s)).

Build succeeded.

Time Elapsed 00:00:01.65
