e:\vanthanhmuonline\season6custom\source\main_ex603\main\release\main.pch
e:\vanthanhmuonline\season6custom\source\main_ex603\main\release\stdafx.obj
e:\vanthanhmuonline\season6custom\source\main_ex603\main\release\vc100.pdb
e:\vanthanhmuonline\season6custom\source\main_ex603\main\release\itemnamecolor.obj
e:\vanthanhmuonline\season6custom\source\main_ex603\main\release\danhhieu.obj
e:\vanthanhmuonline\season6custom\source\main_ex603\main\release\dangkytaikhoan.obj
e:\vanthanhmuonline\season6custom\source\main_ex603\main\release\customchattextcolor.obj
e:\vanthanhmuonline\season6custom\source\main_ex603\main\release\criticalsection.obj
e:\vanthanhmuonline\season6custom\source\main_ex603\main\release\controllertextbox.obj
e:\vanthanhmuonline\season6custom\source\main_ex603\main\release\console.obj
e:\vanthanhmuonline\season6custom\source\main_ex603\main\release\connectserver.obj
e:\vanthanhmuonline\season6custom\source\main_ex603\main\release\connection.obj
e:\vanthanhmuonline\season6custom\source\main_ex603\main\release\cnewnotice.obj
e:\vanthanhmuonline\season6custom\source\main_ex603\main\release\cmacrouiex.obj
e:\vanthanhmuonline\season6custom\source\main_ex603\main\release\chotroi.obj
e:\vanthanhmuonline\season6custom\source\main_ex603\main\release\cchatclassic.obj
e:\vanthanhmuonline\season6custom\source\main_ex603\main\release\camera.obj
e:\vanthanhmuonline\season6custom\source\main_ex603\main\release\bytes.obj
e:\vanthanhmuonline\season6custom\source\main_ex603\main\release\bufficon.obj
e:\vanthanhmuonline\season6custom\source\main_ex603\main\release\antilag.obj
e:\vanthanhmuonline\season6custom\source\main_ex603\main\release\anticrack.obj
e:\vanthanhmuonline\season6custom\source\main_ex603\main\release\achievements.obj
e:\vanthanhmuonline\season6custom\source\main_ex603\main\release\ccrc32.obj
e:\vanthanhmuonline\season6custom\source\main_ex603\main\release\central.obj
e:\vanthanhmuonline\season6custom\source\main_ex603\main\release\ccpetrendermesh.obj
e:\vanthanhmuonline\season6custom\source\main_ex603\main\release\cchatex.obj
e:\vanthanhmuonline\season6custom\source\main_ex603\main\release\cape.obj
e:\vanthanhmuonline\season6custom\source\main_ex603\main\release\customfont.obj
e:\vanthanhmuonline\season6custom\source\main_ex603\main\release\slidehelp.obj
e:\vanthanhmuonline\season6custom\source\main_ex603\main\release\shopsearch.obj
e:\vanthanhmuonline\season6custom\source\main_ex603\main\release\rankingex.obj
e:\vanthanhmuonline\season6custom\source\main_ex603\main\release\ranking.obj
e:\vanthanhmuonline\season6custom\source\main_ex603\main\release\partybar.obj
e:\vanthanhmuonline\season6custom\source\main_ex603\main\release\nguhanh.obj
e:\vanthanhmuonline\season6custom\source\main_ex603\main\release\newuimyinventory.obj
e:\vanthanhmuonline\season6custom\source\main_ex603\main\release\newuibutton.obj
e:\vanthanhmuonline\season6custom\source\main_ex603\main\release\muunoption.obj
e:\vanthanhmuonline\season6custom\source\main_ex603\main\release\mocnap.obj
e:\vanthanhmuonline\season6custom\source\main_ex603\main\release\menugame.obj
e:\vanthanhmuonline\season6custom\source\main_ex603\main\release\map.obj
e:\vanthanhmuonline\season6custom\source\main_ex603\main\release\cloginwin.obj
e:\vanthanhmuonline\season6custom\source\main_ex603\main\release\leothap.obj
e:\vanthanhmuonline\season6custom\source\main_ex603\main\release\kinhmach.obj
e:\vanthanhmuonline\season6custom\source\main_ex603\main\release\grandresetsystem.obj
e:\vanthanhmuonline\season6custom\source\main_ex603\main\release\glow.obj
e:\vanthanhmuonline\season6custom\source\main_ex603\main\release\font.obj
e:\vanthanhmuonline\season6custom\source\main_ex603\main\release\custompeteffect.obj
e:\vanthanhmuonline\season6custom\source\main_ex603\main\release\customofflinemode.obj
e:\vanthanhmuonline\season6custom\source\main_ex603\main\release\customnpc.obj
e:\vanthanhmuonline\season6custom\source\main_ex603\main\release\customluckyspin.obj
e:\vanthanhmuonline\season6custom\source\main_ex603\main\release\customgloves.obj
e:\vanthanhmuonline\season6custom\source\main_ex603\main\release\customfog.obj
e:\vanthanhmuonline\season6custom\source\main_ex603\main\release\customeventtime.obj
e:\vanthanhmuonline\season6custom\source\main_ex603\main\release\customeffectremake.obj
e:\vanthanhmuonline\season6custom\source\main_ex603\main\release\customcloak.obj
e:\vanthanhmuonline\season6custom\source\main_ex603\main\release\custombuyvip.obj
e:\vanthanhmuonline\season6custom\source\main_ex603\main\release\custombow.obj
e:\vanthanhmuonline\season6custom\source\main_ex603\main\release\cscharacters13.obj
e:\vanthanhmuonline\season6custom\source\main_ex603\main\release\controller.obj
e:\vanthanhmuonline\season6custom\source\main_ex603\main\release\common.obj
e:\vanthanhmuonline\season6custom\source\main_ex603\main\release\cnewuiscene.obj
e:\vanthanhmuonline\season6custom\source\main_ex603\main\release\chatexpanded.obj
e:\vanthanhmuonline\season6custom\source\main_ex603\main\release\changeclass.obj
e:\vanthanhmuonline\season6custom\source\main_ex603\main\release\customwing.obj
e:\vanthanhmuonline\season6custom\source\main_ex603\main\release\customrankuser.obj
e:\vanthanhmuonline\season6custom\source\main_ex603\main\release\customranking.obj
e:\vanthanhmuonline\season6custom\source\main_ex603\main\release\custompet.obj
e:\vanthanhmuonline\season6custom\source\main_ex603\main\release\customnpcname.obj
e:\vanthanhmuonline\season6custom\source\main_ex603\main\release\custommonsterglow.obj
e:\vanthanhmuonline\season6custom\source\main_ex603\main\release\custommonster.obj
e:\vanthanhmuonline\season6custom\source\main_ex603\main\release\custommessage.obj
e:\vanthanhmuonline\season6custom\source\main_ex603\main\release\custommap.obj
e:\vanthanhmuonline\season6custom\source\main_ex603\main\release\customjewel.obj
e:\vanthanhmuonline\season6custom\source\main_ex603\main\release\customitemprice.obj
e:\vanthanhmuonline\season6custom\source\main_ex603\main\release\itemtrsdata.obj
e:\vanthanhmuonline\season6custom\source\main_ex603\main\release\itemtooltip.obj
e:\vanthanhmuonline\season6custom\source\main_ex603\main\release\itemmanager.obj
e:\vanthanhmuonline\season6custom\source\main_ex603\main\release\itemglow.obj
e:\vanthanhmuonline\season6custom\source\main_ex603\main\release\inter3.obj
e:\vanthanhmuonline\season6custom\source\main_ex603\main\release\customitem.obj
e:\vanthanhmuonline\season6custom\source\main_ex603\main\release\infolog.obj
e:\vanthanhmuonline\season6custom\source\main_ex603\main\release\hwid.obj
e:\vanthanhmuonline\season6custom\source\main_ex603\main\release\graphics.obj
e:\vanthanhmuonline\season6custom\source\main_ex603\main\release\minimap.obj
e:\vanthanhmuonline\season6custom\source\main_ex603\main\release\memscript.obj
e:\vanthanhmuonline\season6custom\source\main_ex603\main\release\masterskillpoint.obj
e:\vanthanhmuonline\season6custom\source\main_ex603\main\release\main.obj
e:\vanthanhmuonline\season6custom\source\main_ex603\main\release\largerand.obj
e:\vanthanhmuonline\season6custom\source\main_ex603\main\release\jewelbank.obj
e:\vanthanhmuonline\season6custom\source\main_ex603\main\release\jcrendernoitemglow.obj
e:\vanthanhmuonline\season6custom\source\main_ex603\main\release\jcoptionbox.obj
e:\vanthanhmuonline\season6custom\source\main_ex603\main\release\jcbutton.obj
e:\vanthanhmuonline\season6custom\source\main_ex603\main\release\itemsmoke.obj
e:\vanthanhmuonline\season6custom\source\main_ex603\main\release\itemshopvalue.obj
e:\vanthanhmuonline\season6custom\source\main_ex603\main\release\itemremake.obj
e:\vanthanhmuonline\season6custom\source\main_ex603\main\release\iteminfoex.obj
e:\vanthanhmuonline\season6custom\source\main_ex603\main\release\item.obj
e:\vanthanhmuonline\season6custom\source\main_ex603\main\release\interface.obj
e:\vanthanhmuonline\season6custom\source\main_ex603\main\release\interex.obj
e:\vanthanhmuonline\season6custom\source\main_ex603\main\release\healthbar.obj
e:\vanthanhmuonline\season6custom\source\main_ex603\main\release\hackcheck.obj
e:\vanthanhmuonline\season6custom\source\main_ex603\main\release\fix.obj
e:\vanthanhmuonline\season6custom\source\main_ex603\main\release\dynamiceffect.obj
e:\vanthanhmuonline\season6custom\source\main_ex603\main\release\pettooltip.obj
e:\vanthanhmuonline\season6custom\source\main_ex603\main\release\petprotocol.obj
e:\vanthanhmuonline\season6custom\source\main_ex603\main\release\petmontura.obj
e:\vanthanhmuonline\season6custom\source\main_ex603\main\release\pethook.obj
e:\vanthanhmuonline\season6custom\source\main_ex603\main\release\pet.obj
e:\vanthanhmuonline\season6custom\source\main_ex603\main\release\partysearchsettings.obj
e:\vanthanhmuonline\season6custom\source\main_ex603\main\release\partysearch.obj
e:\vanthanhmuonline\season6custom\source\main_ex603\main\release\partybuffs.obj
e:\vanthanhmuonline\season6custom\source\main_ex603\main\release\packetmanager.obj
e:\vanthanhmuonline\season6custom\source\main_ex603\main\release\other.obj
e:\vanthanhmuonline\season6custom\source\main_ex603\main\release\offtrade.obj
e:\vanthanhmuonline\season6custom\source\main_ex603\main\release\npcruud.obj
e:\vanthanhmuonline\season6custom\source\main_ex603\main\release\newinterface.obj
e:\vanthanhmuonline\season6custom\source\main_ex603\main\release\multiselect.obj
e:\vanthanhmuonline\season6custom\source\main_ex603\main\release\muhelper.obj
e:\vanthanhmuonline\season6custom\source\main_ex603\main\release\monsterhpbar.obj
e:\vanthanhmuonline\season6custom\source\main_ex603\main\release\monsterglow.obj
e:\vanthanhmuonline\season6custom\source\main_ex603\main\release\monstereffect.obj
e:\vanthanhmuonline\season6custom\source\main_ex603\main\release\modeleffect.obj
e:\vanthanhmuonline\season6custom\source\main_ex603\main\release\minimapinfo.obj
e:\vanthanhmuonline\season6custom\source\main_ex603\main\release\tmemory.obj
e:\vanthanhmuonline\season6custom\source\main_ex603\main\release\taisinh.obj
e:\vanthanhmuonline\season6custom\source\main_ex603\main\release\switchserver.obj
e:\vanthanhmuonline\season6custom\source\main_ex603\main\release\statsadvance.obj
e:\vanthanhmuonline\season6custom\source\main_ex603\main\release\staticeffect.obj
e:\vanthanhmuonline\season6custom\source\main_ex603\main\release\skybox.obj
e:\vanthanhmuonline\season6custom\source\main_ex603\main\release\masterskill.obj
e:\vanthanhmuonline\season6custom\source\main_ex603\main\release\sitemoption.obj
e:\vanthanhmuonline\season6custom\source\main_ex603\main\release\seteffect.obj
e:\vanthanhmuonline\season6custom\source\main_ex603\main\release\serverinfo.obj
e:\vanthanhmuonline\season6custom\source\main_ex603\main\release\selectchar.obj
e:\vanthanhmuonline\season6custom\source\main_ex603\main\release\ruud.obj
e:\vanthanhmuonline\season6custom\source\main_ex603\main\release\resolution.obj
e:\vanthanhmuonline\season6custom\source\main_ex603\main\release\resetsystem.obj
e:\vanthanhmuonline\season6custom\source\main_ex603\main\release\reconnect.obj
e:\vanthanhmuonline\season6custom\source\main_ex603\main\release\protocol.obj
e:\vanthanhmuonline\season6custom\source\main_ex603\main\release\protect.obj
e:\vanthanhmuonline\season6custom\source\main_ex603\main\release\printplayer.obj
e:\vanthanhmuonline\season6custom\source\main_ex603\main\release\post_item.obj
e:\vanthanhmuonline\season6custom\source\main_ex603\main\release\postinterface.obj
e:\vanthanhmuonline\season6custom\source\main_ex603\main\release\zzzmathlib.obj
e:\vanthanhmuonline\season6custom\source\main_ex603\main\release\winginvisible.obj
e:\vanthanhmuonline\season6custom\source\main_ex603\main\release\wingbright.obj
e:\vanthanhmuonline\season6custom\source\main_ex603\main\release\windowsstruct.obj
e:\vanthanhmuonline\season6custom\source\main_ex603\main\release\windowsquest.obj
e:\vanthanhmuonline\season6custom\source\main_ex603\main\release\viptaikhoan.obj
e:\vanthanhmuonline\season6custom\source\main_ex603\main\release\vipnhanvat.obj
e:\vanthanhmuonline\season6custom\source\main_ex603\main\release\util.obj
e:\vanthanhmuonline\season6custom\source\main_ex603\main\release\user.obj
e:\vanthanhmuonline\season6custom\source\main_ex603\main\release\uicontrol.obj
e:\vanthanhmuonline\season6custom\source\main_ex603\main\release\tuluyen.obj
e:\vanthanhmuonline\season6custom\source\main_ex603\main\release\traymodenew.obj
e:\vanthanhmuonline\season6custom\source\main_ex603\main\release\toolkit.obj
e:\vanthanhmuonline\season6custom\ghetmainpremium\muthanlong\main.dll
e:\vanthanhmuonline\season6custom\source\main_ex603\main\release\main.dll.intermediate.manifest
e:\vanthanhmuonline\season6custom\ghetmainpremium\muthanlong\main.pdb
e:\vanthanhmuonline\season6custom\ghetmainpremium\muthanlong\main.lib
e:\vanthanhmuonline\season6custom\ghetmainpremium\muthanlong\main.exp
e:\vanthanhmuonline\season6custom\source\main_ex603\main\release\main.res
e:\vanthanhmuonline\season6custom\source\main_ex603\main\release\main.vcxprojresolveassemblyreference.cache
e:\vanthanhmuonline\season6custom\source\main_ex603\main\release\cl.command.1.tlog
e:\vanthanhmuonline\season6custom\source\main_ex603\main\release\cl.read.1.tlog
e:\vanthanhmuonline\season6custom\source\main_ex603\main\release\cl.write.1.tlog
e:\vanthanhmuonline\season6custom\source\main_ex603\main\release\link-cvtres.read.1.tlog
e:\vanthanhmuonline\season6custom\source\main_ex603\main\release\link-cvtres.write.1.tlog
e:\vanthanhmuonline\season6custom\source\main_ex603\main\release\link.command.1.tlog
e:\vanthanhmuonline\season6custom\source\main_ex603\main\release\link.read.1.tlog
e:\vanthanhmuonline\season6custom\source\main_ex603\main\release\link.write.1.tlog
e:\vanthanhmuonline\season6custom\source\main_ex603\main\release\main.write.1.tlog
e:\vanthanhmuonline\season6custom\source\main_ex603\main\release\mt.command.1.tlog
e:\vanthanhmuonline\season6custom\source\main_ex603\main\release\mt.read.1.tlog
e:\vanthanhmuonline\season6custom\source\main_ex603\main\release\mt.write.1.tlog
e:\vanthanhmuonline\season6custom\source\main_ex603\main\release\rc.command.1.tlog
e:\vanthanhmuonline\season6custom\source\main_ex603\main\release\rc.read.1.tlog
e:\vanthanhmuonline\season6custom\source\main_ex603\main\release\rc.write.1.tlog
e:\vanthanhmuonline\season6custom\source\main_ex603\main\..\..\..\ghetmainpremium\muthanlong\main.dll
