Build started 02/04/2022 12:14:59 PM.
     1>Project "E:\VanThanhMuOnline\Season6Custom\Source\Server\GameServer\GameServer\GameServer.vcxproj" on node 2 (Build target(s)).
     1>C:\Program Files (x86)\MSBuild\Microsoft.Cpp\v4.0\Microsoft.CppBuild.targets(299,5): warning MSB8004: Output Directory does not end with a trailing slash.  This build instance will add the slash as it is required to allow proper evaluation of the Output Directory.
     1>ClCompile:
         C:\Program Files (x86)\Microsoft Visual Studio 10.0\VC\bin\CL.exe /c /Zi /nologo /W0 /WX- /O2 /Oi /Oy- /GL /D WIN32 /D NDEBUG /D _WINDOWS /D GAMESERVER_TYPE=0 /D GAMESERVER_UPDATE=603 /D GAMESERVER_LANGUAGE=1 /D _MBCS /Gm- /EHsc /MD /GS /Gy /fp:precise /Zc:wchar_t /Zc:forScope /Yu"StdAfx.h" /Fp"Release\GameServer_EX603\GameServer.pch" /Fo"Release\GameServer_EX603\\" /Fd"Release\GameServer_EX603\vc100.pdb" /Gd /TP /analyze- /errorReport:prompt Achievements.cpp BossGuild.cpp BotAlchemist.cpp CTCMini.cpp CashShop.cpp ChangeClass.cpp ChaosBox.cpp ChienTruongCo.cpp ChoTroi.cpp CommandManager.cpp CustomArena.cpp CustomBuyVip.cpp CustomLuckySpin.cpp CustomMonster.cpp CustomMoveEvent.cpp CustomStartItem.cpp CustomStartSetItemDame.cpp CustomStore.cpp CustomTinhNang.cpp DSProtocol.cpp DanhHieu.cpp DropReward.cpp EventGvG.cpp EventTvT.cpp GrandResetSystem.cpp ItemManager.cpp KinhMach.cpp LeoThap.cpp MocNap.cpp MonsterReward.cpp MuunAFK.cpp NguHanh.cpp PcPoint.cpp PhuKien.cpp Protocol.cpp ResetSystem.cpp RuudTokenSellTemplate.cpp SachThuocTinh.cpp ServerInfo.cpp ShopPointEx.cpp Survivor.cpp TaiSinh.cpp ThuMuaDoExc.cpp ThueVip.cpp TuLuyen.cpp User.cpp VanThanhProtect.cpp WindowsQuest.cpp
         Achievements.cpp
         BossGuild.cpp
         BotAlchemist.cpp
         CTCMini.cpp
         CashShop.cpp
         ChangeClass.cpp
         ChaosBox.cpp
         ChienTruongCo.cpp
         ChoTroi.cpp
         CommandManager.cpp
         CustomArena.cpp
         CustomBuyVip.cpp
         CustomLuckySpin.cpp
         CustomMonster.cpp
         CustomMoveEvent.cpp
         CustomStartItem.cpp
         CustomStartSetItemDame.cpp
         CustomStore.cpp
         CustomTinhNang.cpp
         DSProtocol.cpp
         Compiling...
         DanhHieu.cpp
         DropReward.cpp
         EventGvG.cpp
         EventTvT.cpp
         GrandResetSystem.cpp
         ItemManager.cpp
         KinhMach.cpp
         LeoThap.cpp
         MocNap.cpp
         MonsterReward.cpp
         MuunAFK.cpp
         NguHanh.cpp
         PcPoint.cpp
         PhuKien.cpp
         Protocol.cpp
         ResetSystem.cpp
         RuudTokenSellTemplate.cpp
         SachThuocTinh.cpp
         ServerInfo.cpp
         ShopPointEx.cpp
         Compiling...
         Survivor.cpp
         TaiSinh.cpp
         ThuMuaDoExc.cpp
         ThueVip.cpp
         TuLuyen.cpp
         User.cpp
         VanThanhProtect.cpp
         WindowsQuest.cpp
       Link:
         C:\Program Files (x86)\Microsoft Visual Studio 10.0\VC\bin\link.exe /ERRORREPORT:PROMPT /OUT:"..\..\..\..\MuServer\Sub-1\GameServer\GameServer.exe" /INCREMENTAL:NO /NOLOGO kernel32.lib user32.lib gdi32.lib winspool.lib comdlg32.lib advapi32.lib shell32.lib ole32.lib oleaut32.lib uuid.lib odbc32.lib odbccp32.lib /MANIFEST /ManifestFile:"Release\GameServer_EX603\GameServer.exe.intermediate.manifest" /MANIFESTUAC:"level='asInvoker' uiAccess='false'" /DEBUG /PDB:"E:\VanThanhMuOnline\Season6Custom\MuServer\Sub-1\GameServer\GameServer.pdb" /SUBSYSTEM:WINDOWS /OPT:REF /OPT:ICF /LTCG /TLBID:1 /DYNAMICBASE /NXCOMPAT /IMPLIB:"..\..\..\..\MuServer\Sub-1\GameServer\GameServer.lib" /MACHINE:X86 Release\GameServer_EX603\GameServer.res
         Release\GameServer_EX603\CCRC32.obj
         Release\GameServer_EX603\Math.obj
         Release\GameServer_EX603\pugixml.obj
         Release\GameServer_EX603\380ItemOption.obj
         Release\GameServer_EX603\380ItemType.obj
         Release\GameServer_EX603\Achievements.obj
         Release\GameServer_EX603\ArcaBattle.obj
         Release\GameServer_EX603\Attack.obj
         Release\GameServer_EX603\BattleGround.obj
         Release\GameServer_EX603\BattleSoccer.obj
         Release\GameServer_EX603\BattleSoccerManager.obj
         Release\GameServer_EX603\BloodCastle.obj
         Release\GameServer_EX603\BonusManager.obj
         Release\GameServer_EX603\BossGuild.obj
         Release\GameServer_EX603\BossNhenEvent.obj
         Release\GameServer_EX603\BossNhenTime.obj
         Release\GameServer_EX603\BotAlchemist.obj
         Release\GameServer_EX603\BotBuffer.obj
         Release\GameServer_EX603\BotOnline.obj
         Release\GameServer_EX603\BotStatue.obj
         Release\GameServer_EX603\BotStore.obj
         Release\GameServer_EX603\BProtect.obj
         Release\GameServer_EX603\CannonTower.obj
         Release\GameServer_EX603\MuunAFK.obj
         Release\GameServer_EX603\MuunPetCustom.obj
         Release\GameServer_EX603\CashShop.obj
         Release\GameServer_EX603\CastleDeep.obj
         Release\GameServer_EX603\CastleSiege.obj
         Release\GameServer_EX603\CastleSiegeCrown.obj
         Release\GameServer_EX603\CastleSiegeCrownSwitch.obj
         Release\GameServer_EX603\CastleSiegeSync.obj
         Release\GameServer_EX603\CastleSiegeWeapon.obj
         Release\GameServer_EX603\ChangeClass.obj
         Release\GameServer_EX603\ChaosBox.obj
         Release\GameServer_EX603\ChaosCastle.obj
         Release\GameServer_EX603\ChienTruongCo.obj
         Release\GameServer_EX603\CapNhapTime.obj
         Release\GameServer_EX603\ChoTroi.obj
         Release\GameServer_EX603\ComboSkill.obj
         Release\GameServer_EX603\Command.obj
         Release\GameServer_EX603\CommandManager.obj
         Release\GameServer_EX603\Connection.obj
         Release\GameServer_EX603\CriticalSection.obj
         Release\GameServer_EX603\Crywolf.obj
         Release\GameServer_EX603\CrywolfAltar.obj
         Release\GameServer_EX603\CrywolfObjInfo.obj
         Release\GameServer_EX603\CrywolfStateTimeInfo.obj
         Release\GameServer_EX603\CrywolfStatue.obj
         Release\GameServer_EX603\CrywolfSync.obj
         Release\GameServer_EX603\CrywolfUtil.obj
         Release\GameServer_EX603\CSProtocol.obj
         Release\GameServer_EX603\CTCMini.obj
         Release\GameServer_EX603\CustomArena.obj
         Release\GameServer_EX603\CustomAttack.obj
         Release\GameServer_EX603\CustomBuyVip.obj
         Release\GameServer_EX603\CustomCombo.obj
         Release\GameServer_EX603\CustomCommandDescription.obj
         Release\GameServer_EX603\CustomGioiHan.obj
         Release\GameServer_EX603\DanhHieu.obj
         Release\GameServer_EX603\CustomDeathMessage.obj
         Release\GameServer_EX603\CustomEventDrop.obj
         Release\GameServer_EX603\CustomEventTime.obj
         Release\GameServer_EX603\CustomGHRS.obj
         Release\GameServer_EX603\CustomJewel.obj
         Release\GameServer_EX603\KinhMach.obj
         Release\GameServer_EX603\CustomLuckySpin.obj
         Release\GameServer_EX603\CustomMix.obj
         Release\GameServer_EX603\CustomMonster.obj
         Release\GameServer_EX603\CustomMonsterSkill.obj
         Release\GameServer_EX603\CustomMove.obj
         Release\GameServer_EX603\CustomMoveEvent.obj
         Release\GameServer_EX603\License.obj
         Release\GameServer_EX603\NguHanh.obj
         Release\GameServer_EX603\CustomNpcCollector.obj
         Release\GameServer_EX603\CustomNpcCommand.obj
         Release\GameServer_EX603\CustomNpcMove.obj
         Release\GameServer_EX603\CustomNpcQuest.obj
         Release\GameServer_EX603\CustomOfflineMode.obj
         Release\GameServer_EX603\CustomOnlineLottery.obj
         Release\GameServer_EX603\CustomPet.obj
         Release\GameServer_EX603\CustomPick.obj
         Release\GameServer_EX603\CustomPKFree.obj
         Release\GameServer_EX603\CustomQuest.obj
         Release\GameServer_EX603\CustomQuiz.obj
         Release\GameServer_EX603\CustomRanking.obj
         Release\GameServer_EX603\CustomRankUser.obj
         Release\GameServer_EX603\PhuKien.obj
         Release\GameServer_EX603\ResetTableVip.obj
         Release\GameServer_EX603\SachThuocTinh.obj
         Release\GameServer_EX603\CustomStartItem.obj
         Release\GameServer_EX603\CustomStartSetItemDame.obj
         Release\GameServer_EX603\CustomStore.obj
         Release\GameServer_EX603\TaiSinh.obj
         Release\GameServer_EX603\ThapBoss.obj
         Release\GameServer_EX603\ThueVip.obj
         Release\GameServer_EX603\CustomTinhNang.obj
         Release\GameServer_EX603\CustomTop.obj
         Release\GameServer_EX603\TuLuyen.obj
         Release\GameServer_EX603\CustomWing.obj
         Release\GameServer_EX603\CustomWingMix.obj
         Release\GameServer_EX603\DarkSpirit.obj
         Release\GameServer_EX603\DefaultClassInfo.obj
         Release\GameServer_EX603\DevilSquare.obj
         Release\GameServer_EX603\DoubleGoer.obj
         Release\GameServer_EX603\DropReward.obj
         Release\GameServer_EX603\DSProtocol.obj
         Release\GameServer_EX603\Duel.obj
         Release\GameServer_EX603\Effect.obj
         Release\GameServer_EX603\EffectManager.obj
         Release\GameServer_EX603\ESProtocol.obj
         Release\GameServer_EX603\EventGvG.obj
         Release\GameServer_EX603\EventHideAndSeek.obj
         Release\GameServer_EX603\EventInventory.obj
         Release\GameServer_EX603\EventKillAll.obj
         Release\GameServer_EX603\EventPvP.obj
         Release\GameServer_EX603\EventQuickly.obj
         Release\GameServer_EX603\EventRunAndCatch.obj
         Release\GameServer_EX603\EventRussianRoulette.obj
         Release\GameServer_EX603\EventStart.obj
         Release\GameServer_EX603\EventTvT.obj
         Release\GameServer_EX603\ExperienceTable.obj
         Release\GameServer_EX603\MocNap.obj
         Release\GameServer_EX603\Survivor.obj
         Release\GameServer_EX603\VanThanhProtect.obj
         Release\GameServer_EX603\WindowsQuest.obj
         Release\GameServer_EX603\FakeOnline.obj
         Release\GameServer_EX603\Filter.obj
         Release\GameServer_EX603\FilterRaname.obj
         Release\GameServer_EX603\FlyingDragons.obj
         Release\GameServer_EX603\Fruit.obj
         Release\GameServer_EX603\GameMain.obj
         Release\GameServer_EX603\GameMaster.obj
         Release\GameServer_EX603\GameServer.obj
         Release\GameServer_EX603\Gate.obj
         Release\GameServer_EX603\GensSystem.obj
         Release\GameServer_EX603\GrandResetSystem.obj
         Release\GameServer_EX603\LeoThap.obj
         Release\GameServer_EX603\MonsterCall.obj
         Release\GameServer_EX603\NewCustomFunctions.obj
         Release\GameServer_EX603\RamFix.obj
         Release\GameServer_EX603\ShopSearch.obj
         Release\GameServer_EX603\SwampEvent.obj
         Release\GameServer_EX603\GuardianStatue.obj
         Release\GameServer_EX603\Guild.obj
         Release\GameServer_EX603\GuildClass.obj
         Release\GameServer_EX603\GuildMatching.obj
         Release\GameServer_EX603\HackCheck.obj
         Release\GameServer_EX603\HackPacketCheck.obj
         Release\GameServer_EX603\HackSkillCheck.obj
         Release\GameServer_EX603\Helper.obj
         Release\GameServer_EX603\HwidManager.obj
         Release\GameServer_EX603\IllusionTemple.obj
         Release\GameServer_EX603\ImperialGuardian.obj
         Release\GameServer_EX603\InvasionManager.obj
         Release\GameServer_EX603\InventoryEquipment.obj
         Release\GameServer_EX603\IpManager.obj
         Release\GameServer_EX603\Item.obj
         Release\GameServer_EX603\ItemBag.obj
         Release\GameServer_EX603\ItemBagEx.obj
         Release\GameServer_EX603\ItemBagManager.obj
         Release\GameServer_EX603\ItemDrop.obj
         Release\GameServer_EX603\ItemLevel.obj
         Release\GameServer_EX603\ItemManager.obj
         Release\GameServer_EX603\ItemMove.obj
         Release\GameServer_EX603\ItemOption.obj
         Release\GameServer_EX603\ItemOptionRate.obj
         Release\GameServer_EX603\ItemStack.obj
         Release\GameServer_EX603\ItemValue.obj
         Release\GameServer_EX603\ItemValueTrade.obj
         Release\GameServer_EX603\JewelBank.obj
         Release\GameServer_EX603\JewelMix.obj
         Release\GameServer_EX603\JewelOfHarmonyOption.obj
         Release\GameServer_EX603\JewelOfHarmonyType.obj
         Release\GameServer_EX603\JSProtocol.obj
         Release\GameServer_EX603\Kalima.obj
         Release\GameServer_EX603\Kanturu.obj
         Release\GameServer_EX603\KanturuBattleOfMaya.obj
         Release\GameServer_EX603\KanturuBattleOfNightmare.obj
         Release\GameServer_EX603\KanturuBattleStanby.obj
         Release\GameServer_EX603\KanturuBattleUserMng.obj
         Release\GameServer_EX603\KanturuEntranceNPC.obj
         Release\GameServer_EX603\KanturuMaya.obj
         Release\GameServer_EX603\KanturuMonsterMng.obj
         Release\GameServer_EX603\KanturuObjInfo.obj
         Release\GameServer_EX603\KanturuStateInfo.obj
         Release\GameServer_EX603\KanturuTowerOfRefinement.obj
         Release\GameServer_EX603\KanturuUtil.obj
         Release\GameServer_EX603\LifeStone.obj
         Release\GameServer_EX603\Log.obj
         Release\GameServer_EX603\LuckyCoin.obj
         Release\GameServer_EX603\LuckyItem.obj
         Release\GameServer_EX603\Map.obj
         Release\GameServer_EX603\MapItem.obj
         Release\GameServer_EX603\MapManager.obj
         Release\GameServer_EX603\MapPath.obj
         Release\GameServer_EX603\MapServerManager.obj
         Release\GameServer_EX603\MasterSkillTree.obj
         Release\GameServer_EX603\MemoryAllocator.obj
         Release\GameServer_EX603\MemoryAllocatorInfo.obj
         Release\GameServer_EX603\MemScript.obj
         Release\GameServer_EX603\Mercenary.obj
         Release\GameServer_EX603\Message.obj
         Release\GameServer_EX603\MiniDump.obj
         Release\GameServer_EX603\MiniMap.obj
         Release\GameServer_EX603\MiningSystem.obj
         Release\GameServer_EX603\Monster.obj
         Release\GameServer_EX603\MonsterAI.obj
         Release\GameServer_EX603\MonsterAIAgro.obj
         Release\GameServer_EX603\MonsterAIAutomata.obj
         Release\GameServer_EX603\MonsterAIAutomataInfo.obj
         Release\GameServer_EX603\MonsterAIElement.obj
         Release\GameServer_EX603\MonsterAIElementInfo.obj
         Release\GameServer_EX603\MonsterAIGroup.obj
         Release\GameServer_EX603\MonsterAIGroupMember.obj
         Release\GameServer_EX603\MonsterAIMovePath.obj
         Release\GameServer_EX603\MonsterAIMovePathInfo.obj
         Release\GameServer_EX603\MonsterAIRule.obj
         Release\GameServer_EX603\MonsterAIRuleInfo.obj
         Release\GameServer_EX603\MonsterAIState.obj
         Release\GameServer_EX603\MonsterAIUnit.obj
         Release\GameServer_EX603\MonsterAIUnitInfo.obj
         Release\GameServer_EX603\MonsterAIUtil.obj
         Release\GameServer_EX603\MonsterManager.obj
         Release\GameServer_EX603\MonsterReward.obj
         Release\GameServer_EX603\MonsterSetBase.obj
         Release\GameServer_EX603\MonsterSkillElement.obj
         Release\GameServer_EX603\MonsterSkillElementInfo.obj
         Release\GameServer_EX603\MonsterSkillElementOption.obj
         Release\GameServer_EX603\MonsterSkillInfo.obj
         Release\GameServer_EX603\MonsterSkillManager.obj
         Release\GameServer_EX603\MonsterSkillUnit.obj
         Release\GameServer_EX603\MonsterSkillUnitInfo.obj
         Release\GameServer_EX603\MossMerchant.obj
         Release\GameServer_EX603\Move.obj
         Release\GameServer_EX603\MoveSummon.obj
         Release\GameServer_EX603\MuRummy.obj
         Release\GameServer_EX603\MuunSystem.obj
         Release\GameServer_EX603\Notice.obj
         Release\GameServer_EX603\NpcTalk.obj
         Release\GameServer_EX603\ObjectManager.obj
         Release\GameServer_EX603\OfflineMode.obj
         Release\GameServer_EX603\PacketManager.obj
         Release\GameServer_EX603\Party.obj
         Release\GameServer_EX603\PartyMatching.obj
         Release\GameServer_EX603\PartySearch.obj
         Release\GameServer_EX603\Path.obj
         Release\GameServer_EX603\PcPoint.obj
         Release\GameServer_EX603\PentagramSystem.obj
         Release\GameServer_EX603\PersonalShop.obj
         Release\GameServer_EX603\PKSystem.obj
         Release\GameServer_EX603\PremiumDrop.obj
         Release\GameServer_EX603\Protect.obj
         Release\GameServer_EX603\Protocol.obj
         Release\GameServer_EX603\Quest.obj
         Release\GameServer_EX603\QuestObjective.obj
         Release\GameServer_EX603\QuestReward.obj
         Release\GameServer_EX603\QuestWorld.obj
         Release\GameServer_EX603\QuestWorldObjective.obj
         Release\GameServer_EX603\QuestWorldReward.obj
         Release\GameServer_EX603\Queue.obj
         Release\GameServer_EX603\QueueTimer.obj
         Release\GameServer_EX603\Raklion.obj
         Release\GameServer_EX603\RaklionBattleOfSelupan.obj
         Release\GameServer_EX603\RaklionBattleUser.obj
         Release\GameServer_EX603\RaklionBattleUserMng.obj
         Release\GameServer_EX603\RaklionObjInfo.obj
         Release\GameServer_EX603\RaklionSelupan.obj
         Release\GameServer_EX603\RaklionUtil.obj
         Release\GameServer_EX603\RandomManager.obj
         Release\GameServer_EX603\Reconnect.obj
         Release\GameServer_EX603\ReiDoMu.obj
         Release\GameServer_EX603\ResetSystem.obj
         Release\GameServer_EX603\ResetTable.obj
         Release\GameServer_EX603\RespawnLocation.obj
         Release\GameServer_EX603\RewardSystem.obj
         Release\GameServer_EX603\RuudTokenSellTemplate.obj
         Release\GameServer_EX603\ScheduleManager.obj
         Release\GameServer_EX603\SerialCheck.obj
         Release\GameServer_EX603\ServerDisplayer.obj
         Release\GameServer_EX603\ServerInfo.obj
         Release\GameServer_EX603\SetItemOption.obj
         Release\GameServer_EX603\SetItemType.obj
         Release\GameServer_EX603\Shop.obj
         Release\GameServer_EX603\ShopManager.obj
         Release\GameServer_EX603\ShopPointEx.obj
         Release\GameServer_EX603\Skill.obj
         Release\GameServer_EX603\SkillHitBox.obj
         Release\GameServer_EX603\SkillManager.obj
         Release\GameServer_EX603\SkyEvent.obj
         Release\GameServer_EX603\SocketItemOption.obj
         Release\GameServer_EX603\SocketItemType.obj
         Release\GameServer_EX603\SocketManager.obj
         Release\GameServer_EX603\SocketManagerUdp.obj
         Release\GameServer_EX603\StatsAdvance.obj
         Release\GameServer_EX603\stdafx.obj
         Release\GameServer_EX603\SummonScroll.obj
         Release\GameServer_EX603\TeleportMarlon.obj
         Release\GameServer_EX603\ThuMuaDoExc.obj
         Release\GameServer_EX603\Trade.obj
         Release\GameServer_EX603\Union.obj
         Release\GameServer_EX603\UnionInfo.obj
         Release\GameServer_EX603\User.obj
         Release\GameServer_EX603\Util.obj
         Release\GameServer_EX603\Viewport.obj
         Release\GameServer_EX603\Warehouse.obj
         Release\GameServer_EX603\ZenDrop.obj
            Creating library ..\..\..\..\MuServer\Sub-1\GameServer\GameServer.lib and object ..\..\..\..\MuServer\Sub-1\GameServer\GameServer.exp
         Generating code
         Finished generating code
         GameServer.vcxproj -> E:\VanThanhMuOnline\Season6Custom\Source\Server\GameServer\GameServer\..\..\..\..\MuServer\Sub-1\GameServer\GameServer.exe
       Manifest:
         C:\Program Files (x86)\Microsoft SDKs\Windows\v7.0A\bin\mt.exe /nologo /verbose /outputresource:"..\..\..\..\MuServer\Sub-1\GameServer\GameServer.exe;#1" /manifest Release\GameServer_EX603\GameServer.exe.intermediate.manifest
     1>Done Building Project "E:\VanThanhMuOnline\Season6Custom\Source\Server\GameServer\GameServer\GameServer.vcxproj" (Build target(s)).

Build succeeded.

Time Elapsed 00:00:36.66
