e:\vanthanhmuonline\season6custom\source\server\gameserver\gameserver\release\gameserver_ex603\gameserver.pch
e:\vanthanhmuonline\season6custom\source\server\gameserver\gameserver\release\gameserver_ex603\stdafx.obj
e:\vanthanhmuonline\season6custom\source\server\gameserver\gameserver\release\gameserver_ex603\vc100.pdb
e:\vanthanhmuonline\season6custom\source\server\gameserver\gameserver\release\gameserver_ex603\botstore.obj
e:\vanthanhmuonline\season6custom\source\server\gameserver\gameserver\release\gameserver_ex603\botstatue.obj
e:\vanthanhmuonline\season6custom\source\server\gameserver\gameserver\release\gameserver_ex603\botonline.obj
e:\vanthanhmuonline\season6custom\source\server\gameserver\gameserver\release\gameserver_ex603\botbuffer.obj
e:\vanthanhmuonline\season6custom\source\server\gameserver\gameserver\release\gameserver_ex603\botalchemist.obj
e:\vanthanhmuonline\season6custom\source\server\gameserver\gameserver\release\gameserver_ex603\bossnhentime.obj
e:\vanthanhmuonline\season6custom\source\server\gameserver\gameserver\release\gameserver_ex603\bossnhenevent.obj
e:\vanthanhmuonline\season6custom\source\server\gameserver\gameserver\release\gameserver_ex603\bossguild.obj
e:\vanthanhmuonline\season6custom\source\server\gameserver\gameserver\release\gameserver_ex603\bonusmanager.obj
e:\vanthanhmuonline\season6custom\source\server\gameserver\gameserver\release\gameserver_ex603\bloodcastle.obj
e:\vanthanhmuonline\season6custom\source\server\gameserver\gameserver\release\gameserver_ex603\battlesoccermanager.obj
e:\vanthanhmuonline\season6custom\source\server\gameserver\gameserver\release\gameserver_ex603\battlesoccer.obj
e:\vanthanhmuonline\season6custom\source\server\gameserver\gameserver\release\gameserver_ex603\battleground.obj
e:\vanthanhmuonline\season6custom\source\server\gameserver\gameserver\release\gameserver_ex603\attack.obj
e:\vanthanhmuonline\season6custom\source\server\gameserver\gameserver\release\gameserver_ex603\arcabattle.obj
e:\vanthanhmuonline\season6custom\source\server\gameserver\gameserver\release\gameserver_ex603\achievements.obj
e:\vanthanhmuonline\season6custom\source\server\gameserver\gameserver\release\gameserver_ex603\380itemtype.obj
e:\vanthanhmuonline\season6custom\source\server\gameserver\gameserver\release\gameserver_ex603\380itemoption.obj
e:\vanthanhmuonline\season6custom\source\server\gameserver\gameserver\release\gameserver_ex603\math.obj
e:\vanthanhmuonline\season6custom\source\server\gameserver\gameserver\release\gameserver_ex603\ccrc32.obj
e:\vanthanhmuonline\season6custom\source\server\gameserver\gameserver\release\gameserver_ex603\commandmanager.obj
e:\vanthanhmuonline\season6custom\source\server\gameserver\gameserver\release\gameserver_ex603\command.obj
e:\vanthanhmuonline\season6custom\source\server\gameserver\gameserver\release\gameserver_ex603\comboskill.obj
e:\vanthanhmuonline\season6custom\source\server\gameserver\gameserver\release\gameserver_ex603\chotroi.obj
e:\vanthanhmuonline\season6custom\source\server\gameserver\gameserver\release\gameserver_ex603\capnhaptime.obj
e:\vanthanhmuonline\season6custom\source\server\gameserver\gameserver\release\gameserver_ex603\chientruongco.obj
e:\vanthanhmuonline\season6custom\source\server\gameserver\gameserver\release\gameserver_ex603\chaoscastle.obj
e:\vanthanhmuonline\season6custom\source\server\gameserver\gameserver\release\gameserver_ex603\chaosbox.obj
e:\vanthanhmuonline\season6custom\source\server\gameserver\gameserver\release\gameserver_ex603\changeclass.obj
e:\vanthanhmuonline\season6custom\source\server\gameserver\gameserver\release\gameserver_ex603\castlesiegeweapon.obj
e:\vanthanhmuonline\season6custom\source\server\gameserver\gameserver\release\gameserver_ex603\castlesiegesync.obj
e:\vanthanhmuonline\season6custom\source\server\gameserver\gameserver\release\gameserver_ex603\castlesiegecrownswitch.obj
e:\vanthanhmuonline\season6custom\source\server\gameserver\gameserver\release\gameserver_ex603\castlesiegecrown.obj
e:\vanthanhmuonline\season6custom\source\server\gameserver\gameserver\release\gameserver_ex603\castlesiege.obj
e:\vanthanhmuonline\season6custom\source\server\gameserver\gameserver\release\gameserver_ex603\castledeep.obj
e:\vanthanhmuonline\season6custom\source\server\gameserver\gameserver\release\gameserver_ex603\cashshop.obj
e:\vanthanhmuonline\season6custom\source\server\gameserver\gameserver\release\gameserver_ex603\muunpetcustom.obj
e:\vanthanhmuonline\season6custom\source\server\gameserver\gameserver\release\gameserver_ex603\muunafk.obj
e:\vanthanhmuonline\season6custom\source\server\gameserver\gameserver\release\gameserver_ex603\cannontower.obj
e:\vanthanhmuonline\season6custom\source\server\gameserver\gameserver\release\gameserver_ex603\bprotect.obj
e:\vanthanhmuonline\season6custom\source\server\gameserver\gameserver\release\gameserver_ex603\customeventdrop.obj
e:\vanthanhmuonline\season6custom\source\server\gameserver\gameserver\release\gameserver_ex603\customdeathmessage.obj
e:\vanthanhmuonline\season6custom\source\server\gameserver\gameserver\release\gameserver_ex603\danhhieu.obj
e:\vanthanhmuonline\season6custom\source\server\gameserver\gameserver\release\gameserver_ex603\customgioihan.obj
e:\vanthanhmuonline\season6custom\source\server\gameserver\gameserver\release\gameserver_ex603\customcommanddescription.obj
e:\vanthanhmuonline\season6custom\source\server\gameserver\gameserver\release\gameserver_ex603\customcombo.obj
e:\vanthanhmuonline\season6custom\source\server\gameserver\gameserver\release\gameserver_ex603\custombuyvip.obj
e:\vanthanhmuonline\season6custom\source\server\gameserver\gameserver\release\gameserver_ex603\customattack.obj
e:\vanthanhmuonline\season6custom\source\server\gameserver\gameserver\release\gameserver_ex603\customarena.obj
e:\vanthanhmuonline\season6custom\source\server\gameserver\gameserver\release\gameserver_ex603\ctcmini.obj
e:\vanthanhmuonline\season6custom\source\server\gameserver\gameserver\release\gameserver_ex603\csprotocol.obj
e:\vanthanhmuonline\season6custom\source\server\gameserver\gameserver\release\gameserver_ex603\crywolfutil.obj
e:\vanthanhmuonline\season6custom\source\server\gameserver\gameserver\release\gameserver_ex603\crywolfsync.obj
e:\vanthanhmuonline\season6custom\source\server\gameserver\gameserver\release\gameserver_ex603\crywolfstatue.obj
e:\vanthanhmuonline\season6custom\source\server\gameserver\gameserver\release\gameserver_ex603\crywolfstatetimeinfo.obj
e:\vanthanhmuonline\season6custom\source\server\gameserver\gameserver\release\gameserver_ex603\crywolfobjinfo.obj
e:\vanthanhmuonline\season6custom\source\server\gameserver\gameserver\release\gameserver_ex603\crywolfaltar.obj
e:\vanthanhmuonline\season6custom\source\server\gameserver\gameserver\release\gameserver_ex603\crywolf.obj
e:\vanthanhmuonline\season6custom\source\server\gameserver\gameserver\release\gameserver_ex603\criticalsection.obj
e:\vanthanhmuonline\season6custom\source\server\gameserver\gameserver\release\gameserver_ex603\connection.obj
e:\vanthanhmuonline\season6custom\source\server\gameserver\gameserver\release\gameserver_ex603\custompick.obj
e:\vanthanhmuonline\season6custom\source\server\gameserver\gameserver\release\gameserver_ex603\custompet.obj
e:\vanthanhmuonline\season6custom\source\server\gameserver\gameserver\release\gameserver_ex603\customonlinelottery.obj
e:\vanthanhmuonline\season6custom\source\server\gameserver\gameserver\release\gameserver_ex603\customofflinemode.obj
e:\vanthanhmuonline\season6custom\source\server\gameserver\gameserver\release\gameserver_ex603\customnpcquest.obj
e:\vanthanhmuonline\season6custom\source\server\gameserver\gameserver\release\gameserver_ex603\customnpcmove.obj
e:\vanthanhmuonline\season6custom\source\server\gameserver\gameserver\release\gameserver_ex603\customnpccommand.obj
e:\vanthanhmuonline\season6custom\source\server\gameserver\gameserver\release\gameserver_ex603\customnpccollector.obj
e:\vanthanhmuonline\season6custom\source\server\gameserver\gameserver\release\gameserver_ex603\nguhanh.obj
e:\vanthanhmuonline\season6custom\source\server\gameserver\gameserver\release\gameserver_ex603\license.obj
e:\vanthanhmuonline\season6custom\source\server\gameserver\gameserver\release\gameserver_ex603\custommoveevent.obj
e:\vanthanhmuonline\season6custom\source\server\gameserver\gameserver\release\gameserver_ex603\custommove.obj
e:\vanthanhmuonline\season6custom\source\server\gameserver\gameserver\release\gameserver_ex603\custommonsterskill.obj
e:\vanthanhmuonline\season6custom\source\server\gameserver\gameserver\release\gameserver_ex603\custommonster.obj
e:\vanthanhmuonline\season6custom\source\server\gameserver\gameserver\release\gameserver_ex603\custommix.obj
e:\vanthanhmuonline\season6custom\source\server\gameserver\gameserver\release\gameserver_ex603\customluckyspin.obj
e:\vanthanhmuonline\season6custom\source\server\gameserver\gameserver\release\gameserver_ex603\kinhmach.obj
e:\vanthanhmuonline\season6custom\source\server\gameserver\gameserver\release\gameserver_ex603\customjewel.obj
e:\vanthanhmuonline\season6custom\source\server\gameserver\gameserver\release\gameserver_ex603\customghrs.obj
e:\vanthanhmuonline\season6custom\source\server\gameserver\gameserver\release\gameserver_ex603\customeventtime.obj
e:\vanthanhmuonline\season6custom\source\server\gameserver\gameserver\release\gameserver_ex603\darkspirit.obj
e:\vanthanhmuonline\season6custom\source\server\gameserver\gameserver\release\gameserver_ex603\customwingmix.obj
e:\vanthanhmuonline\season6custom\source\server\gameserver\gameserver\release\gameserver_ex603\customwing.obj
e:\vanthanhmuonline\season6custom\source\server\gameserver\gameserver\release\gameserver_ex603\tuluyen.obj
e:\vanthanhmuonline\season6custom\source\server\gameserver\gameserver\release\gameserver_ex603\customtop.obj
e:\vanthanhmuonline\season6custom\source\server\gameserver\gameserver\release\gameserver_ex603\customtinhnang.obj
e:\vanthanhmuonline\season6custom\source\server\gameserver\gameserver\release\gameserver_ex603\thuevip.obj
e:\vanthanhmuonline\season6custom\source\server\gameserver\gameserver\release\gameserver_ex603\thapboss.obj
e:\vanthanhmuonline\season6custom\source\server\gameserver\gameserver\release\gameserver_ex603\taisinh.obj
e:\vanthanhmuonline\season6custom\source\server\gameserver\gameserver\release\gameserver_ex603\customstore.obj
e:\vanthanhmuonline\season6custom\source\server\gameserver\gameserver\release\gameserver_ex603\customstartsetitemdame.obj
e:\vanthanhmuonline\season6custom\source\server\gameserver\gameserver\release\gameserver_ex603\customstartitem.obj
e:\vanthanhmuonline\season6custom\source\server\gameserver\gameserver\release\gameserver_ex603\sachthuoctinh.obj
e:\vanthanhmuonline\season6custom\source\server\gameserver\gameserver\release\gameserver_ex603\resettablevip.obj
e:\vanthanhmuonline\season6custom\source\server\gameserver\gameserver\release\gameserver_ex603\phukien.obj
e:\vanthanhmuonline\season6custom\source\server\gameserver\gameserver\release\gameserver_ex603\customrankuser.obj
e:\vanthanhmuonline\season6custom\source\server\gameserver\gameserver\release\gameserver_ex603\customranking.obj
e:\vanthanhmuonline\season6custom\source\server\gameserver\gameserver\release\gameserver_ex603\customquiz.obj
e:\vanthanhmuonline\season6custom\source\server\gameserver\gameserver\release\gameserver_ex603\customquest.obj
e:\vanthanhmuonline\season6custom\source\server\gameserver\gameserver\release\gameserver_ex603\custompkfree.obj
e:\vanthanhmuonline\season6custom\source\server\gameserver\gameserver\release\gameserver_ex603\experiencetable.obj
e:\vanthanhmuonline\season6custom\source\server\gameserver\gameserver\release\gameserver_ex603\eventtvt.obj
e:\vanthanhmuonline\season6custom\source\server\gameserver\gameserver\release\gameserver_ex603\eventstart.obj
e:\vanthanhmuonline\season6custom\source\server\gameserver\gameserver\release\gameserver_ex603\eventrussianroulette.obj
e:\vanthanhmuonline\season6custom\source\server\gameserver\gameserver\release\gameserver_ex603\eventrunandcatch.obj
e:\vanthanhmuonline\season6custom\source\server\gameserver\gameserver\release\gameserver_ex603\eventquickly.obj
e:\vanthanhmuonline\season6custom\source\server\gameserver\gameserver\release\gameserver_ex603\eventpvp.obj
e:\vanthanhmuonline\season6custom\source\server\gameserver\gameserver\release\gameserver_ex603\eventkillall.obj
e:\vanthanhmuonline\season6custom\source\server\gameserver\gameserver\release\gameserver_ex603\eventinventory.obj
e:\vanthanhmuonline\season6custom\source\server\gameserver\gameserver\release\gameserver_ex603\eventhideandseek.obj
e:\vanthanhmuonline\season6custom\source\server\gameserver\gameserver\release\gameserver_ex603\eventgvg.obj
e:\vanthanhmuonline\season6custom\source\server\gameserver\gameserver\release\gameserver_ex603\esprotocol.obj
e:\vanthanhmuonline\season6custom\source\server\gameserver\gameserver\release\gameserver_ex603\effectmanager.obj
e:\vanthanhmuonline\season6custom\source\server\gameserver\gameserver\release\gameserver_ex603\effect.obj
e:\vanthanhmuonline\season6custom\source\server\gameserver\gameserver\release\gameserver_ex603\duel.obj
e:\vanthanhmuonline\season6custom\source\server\gameserver\gameserver\release\gameserver_ex603\dsprotocol.obj
e:\vanthanhmuonline\season6custom\source\server\gameserver\gameserver\release\gameserver_ex603\dropreward.obj
e:\vanthanhmuonline\season6custom\source\server\gameserver\gameserver\release\gameserver_ex603\doublegoer.obj
e:\vanthanhmuonline\season6custom\source\server\gameserver\gameserver\release\gameserver_ex603\devilsquare.obj
e:\vanthanhmuonline\season6custom\source\server\gameserver\gameserver\release\gameserver_ex603\defaultclassinfo.obj
e:\vanthanhmuonline\season6custom\source\server\gameserver\gameserver\release\gameserver_ex603\shopsearch.obj
e:\vanthanhmuonline\season6custom\source\server\gameserver\gameserver\release\gameserver_ex603\ramfix.obj
e:\vanthanhmuonline\season6custom\source\server\gameserver\gameserver\release\gameserver_ex603\newcustomfunctions.obj
e:\vanthanhmuonline\season6custom\source\server\gameserver\gameserver\release\gameserver_ex603\monstercall.obj
e:\vanthanhmuonline\season6custom\source\server\gameserver\gameserver\release\gameserver_ex603\leothap.obj
e:\vanthanhmuonline\season6custom\source\server\gameserver\gameserver\release\gameserver_ex603\grandresetsystem.obj
e:\vanthanhmuonline\season6custom\source\server\gameserver\gameserver\release\gameserver_ex603\genssystem.obj
e:\vanthanhmuonline\season6custom\source\server\gameserver\gameserver\release\gameserver_ex603\gate.obj
e:\vanthanhmuonline\season6custom\source\server\gameserver\gameserver\release\gameserver_ex603\gameserver.obj
e:\vanthanhmuonline\season6custom\source\server\gameserver\gameserver\release\gameserver_ex603\gamemaster.obj
e:\vanthanhmuonline\season6custom\source\server\gameserver\gameserver\release\gameserver_ex603\gamemain.obj
e:\vanthanhmuonline\season6custom\source\server\gameserver\gameserver\release\gameserver_ex603\fruit.obj
e:\vanthanhmuonline\season6custom\source\server\gameserver\gameserver\release\gameserver_ex603\flyingdragons.obj
e:\vanthanhmuonline\season6custom\source\server\gameserver\gameserver\release\gameserver_ex603\filterraname.obj
e:\vanthanhmuonline\season6custom\source\server\gameserver\gameserver\release\gameserver_ex603\filter.obj
e:\vanthanhmuonline\season6custom\source\server\gameserver\gameserver\release\gameserver_ex603\fakeonline.obj
e:\vanthanhmuonline\season6custom\source\server\gameserver\gameserver\release\gameserver_ex603\windowsquest.obj
e:\vanthanhmuonline\season6custom\source\server\gameserver\gameserver\release\gameserver_ex603\vanthanhprotect.obj
e:\vanthanhmuonline\season6custom\source\server\gameserver\gameserver\release\gameserver_ex603\survivor.obj
e:\vanthanhmuonline\season6custom\source\server\gameserver\gameserver\release\gameserver_ex603\mocnap.obj
e:\vanthanhmuonline\season6custom\source\server\gameserver\gameserver\release\gameserver_ex603\itemdrop.obj
e:\vanthanhmuonline\season6custom\source\server\gameserver\gameserver\release\gameserver_ex603\itembagmanager.obj
e:\vanthanhmuonline\season6custom\source\server\gameserver\gameserver\release\gameserver_ex603\itembagex.obj
e:\vanthanhmuonline\season6custom\source\server\gameserver\gameserver\release\gameserver_ex603\itembag.obj
e:\vanthanhmuonline\season6custom\source\server\gameserver\gameserver\release\gameserver_ex603\item.obj
e:\vanthanhmuonline\season6custom\source\server\gameserver\gameserver\release\gameserver_ex603\ipmanager.obj
e:\vanthanhmuonline\season6custom\source\server\gameserver\gameserver\release\gameserver_ex603\inventoryequipment.obj
e:\vanthanhmuonline\season6custom\source\server\gameserver\gameserver\release\gameserver_ex603\invasionmanager.obj
e:\vanthanhmuonline\season6custom\source\server\gameserver\gameserver\release\gameserver_ex603\imperialguardian.obj
e:\vanthanhmuonline\season6custom\source\server\gameserver\gameserver\release\gameserver_ex603\illusiontemple.obj
e:\vanthanhmuonline\season6custom\source\server\gameserver\gameserver\release\gameserver_ex603\hwidmanager.obj
e:\vanthanhmuonline\season6custom\source\server\gameserver\gameserver\release\gameserver_ex603\helper.obj
e:\vanthanhmuonline\season6custom\source\server\gameserver\gameserver\release\gameserver_ex603\hackskillcheck.obj
e:\vanthanhmuonline\season6custom\source\server\gameserver\gameserver\release\gameserver_ex603\hackpacketcheck.obj
e:\vanthanhmuonline\season6custom\source\server\gameserver\gameserver\release\gameserver_ex603\hackcheck.obj
e:\vanthanhmuonline\season6custom\source\server\gameserver\gameserver\release\gameserver_ex603\guildmatching.obj
e:\vanthanhmuonline\season6custom\source\server\gameserver\gameserver\release\gameserver_ex603\guildclass.obj
e:\vanthanhmuonline\season6custom\source\server\gameserver\gameserver\release\gameserver_ex603\guild.obj
e:\vanthanhmuonline\season6custom\source\server\gameserver\gameserver\release\gameserver_ex603\guardianstatue.obj
e:\vanthanhmuonline\season6custom\source\server\gameserver\gameserver\release\gameserver_ex603\swampevent.obj
e:\vanthanhmuonline\season6custom\source\server\gameserver\gameserver\release\gameserver_ex603\kanturuentrancenpc.obj
e:\vanthanhmuonline\season6custom\source\server\gameserver\gameserver\release\gameserver_ex603\kanturubattleusermng.obj
e:\vanthanhmuonline\season6custom\source\server\gameserver\gameserver\release\gameserver_ex603\kanturubattlestanby.obj
e:\vanthanhmuonline\season6custom\source\server\gameserver\gameserver\release\gameserver_ex603\kanturubattleofnightmare.obj
e:\vanthanhmuonline\season6custom\source\server\gameserver\gameserver\release\gameserver_ex603\kanturubattleofmaya.obj
e:\vanthanhmuonline\season6custom\source\server\gameserver\gameserver\release\gameserver_ex603\kanturu.obj
e:\vanthanhmuonline\season6custom\source\server\gameserver\gameserver\release\gameserver_ex603\kalima.obj
e:\vanthanhmuonline\season6custom\source\server\gameserver\gameserver\release\gameserver_ex603\jsprotocol.obj
e:\vanthanhmuonline\season6custom\source\server\gameserver\gameserver\release\gameserver_ex603\jewelofharmonytype.obj
e:\vanthanhmuonline\season6custom\source\server\gameserver\gameserver\release\gameserver_ex603\jewelofharmonyoption.obj
e:\vanthanhmuonline\season6custom\source\server\gameserver\gameserver\release\gameserver_ex603\jewelmix.obj
e:\vanthanhmuonline\season6custom\source\server\gameserver\gameserver\release\gameserver_ex603\jewelbank.obj
e:\vanthanhmuonline\season6custom\source\server\gameserver\gameserver\release\gameserver_ex603\itemvaluetrade.obj
e:\vanthanhmuonline\season6custom\source\server\gameserver\gameserver\release\gameserver_ex603\itemvalue.obj
e:\vanthanhmuonline\season6custom\source\server\gameserver\gameserver\release\gameserver_ex603\itemstack.obj
e:\vanthanhmuonline\season6custom\source\server\gameserver\gameserver\release\gameserver_ex603\itemoptionrate.obj
e:\vanthanhmuonline\season6custom\source\server\gameserver\gameserver\release\gameserver_ex603\itemoption.obj
e:\vanthanhmuonline\season6custom\source\server\gameserver\gameserver\release\gameserver_ex603\itemmove.obj
e:\vanthanhmuonline\season6custom\source\server\gameserver\gameserver\release\gameserver_ex603\itemmanager.obj
e:\vanthanhmuonline\season6custom\source\server\gameserver\gameserver\release\gameserver_ex603\itemlevel.obj
e:\vanthanhmuonline\season6custom\source\server\gameserver\gameserver\release\gameserver_ex603\mercenary.obj
e:\vanthanhmuonline\season6custom\source\server\gameserver\gameserver\release\gameserver_ex603\memscript.obj
e:\vanthanhmuonline\season6custom\source\server\gameserver\gameserver\release\gameserver_ex603\memoryallocatorinfo.obj
e:\vanthanhmuonline\season6custom\source\server\gameserver\gameserver\release\gameserver_ex603\memoryallocator.obj
e:\vanthanhmuonline\season6custom\source\server\gameserver\gameserver\release\gameserver_ex603\masterskilltree.obj
e:\vanthanhmuonline\season6custom\source\server\gameserver\gameserver\release\gameserver_ex603\mapservermanager.obj
e:\vanthanhmuonline\season6custom\source\server\gameserver\gameserver\release\gameserver_ex603\mappath.obj
e:\vanthanhmuonline\season6custom\source\server\gameserver\gameserver\release\gameserver_ex603\mapmanager.obj
e:\vanthanhmuonline\season6custom\source\server\gameserver\gameserver\release\gameserver_ex603\mapitem.obj
e:\vanthanhmuonline\season6custom\source\server\gameserver\gameserver\release\gameserver_ex603\map.obj
e:\vanthanhmuonline\season6custom\source\server\gameserver\gameserver\release\gameserver_ex603\luckyitem.obj
e:\vanthanhmuonline\season6custom\source\server\gameserver\gameserver\release\gameserver_ex603\luckycoin.obj
e:\vanthanhmuonline\season6custom\source\server\gameserver\gameserver\release\gameserver_ex603\log.obj
e:\vanthanhmuonline\season6custom\source\server\gameserver\gameserver\release\gameserver_ex603\lifestone.obj
e:\vanthanhmuonline\season6custom\source\server\gameserver\gameserver\release\gameserver_ex603\kanturuutil.obj
e:\vanthanhmuonline\season6custom\source\server\gameserver\gameserver\release\gameserver_ex603\kanturutowerofrefinement.obj
e:\vanthanhmuonline\season6custom\source\server\gameserver\gameserver\release\gameserver_ex603\kanturustateinfo.obj
e:\vanthanhmuonline\season6custom\source\server\gameserver\gameserver\release\gameserver_ex603\kanturuobjinfo.obj
e:\vanthanhmuonline\season6custom\source\server\gameserver\gameserver\release\gameserver_ex603\kanturumonstermng.obj
e:\vanthanhmuonline\season6custom\source\server\gameserver\gameserver\release\gameserver_ex603\kanturumaya.obj
e:\vanthanhmuonline\season6custom\source\server\gameserver\gameserver\release\gameserver_ex603\monsteraiunitinfo.obj
e:\vanthanhmuonline\season6custom\source\server\gameserver\gameserver\release\gameserver_ex603\monsteraiunit.obj
e:\vanthanhmuonline\season6custom\source\server\gameserver\gameserver\release\gameserver_ex603\monsteraistate.obj
e:\vanthanhmuonline\season6custom\source\server\gameserver\gameserver\release\gameserver_ex603\monsterairuleinfo.obj
e:\vanthanhmuonline\season6custom\source\server\gameserver\gameserver\release\gameserver_ex603\monsterairule.obj
e:\vanthanhmuonline\season6custom\source\server\gameserver\gameserver\release\gameserver_ex603\monsteraimovepathinfo.obj
e:\vanthanhmuonline\season6custom\source\server\gameserver\gameserver\release\gameserver_ex603\monsteraimovepath.obj
e:\vanthanhmuonline\season6custom\source\server\gameserver\gameserver\release\gameserver_ex603\monsteraigroupmember.obj
e:\vanthanhmuonline\season6custom\source\server\gameserver\gameserver\release\gameserver_ex603\monsteraigroup.obj
e:\vanthanhmuonline\season6custom\source\server\gameserver\gameserver\release\gameserver_ex603\monsteraielementinfo.obj
e:\vanthanhmuonline\season6custom\source\server\gameserver\gameserver\release\gameserver_ex603\monsteraielement.obj
e:\vanthanhmuonline\season6custom\source\server\gameserver\gameserver\release\gameserver_ex603\monsteraiautomatainfo.obj
e:\vanthanhmuonline\season6custom\source\server\gameserver\gameserver\release\gameserver_ex603\monsteraiautomata.obj
e:\vanthanhmuonline\season6custom\source\server\gameserver\gameserver\release\gameserver_ex603\monsteraiagro.obj
e:\vanthanhmuonline\season6custom\source\server\gameserver\gameserver\release\gameserver_ex603\monsterai.obj
e:\vanthanhmuonline\season6custom\source\server\gameserver\gameserver\release\gameserver_ex603\monster.obj
e:\vanthanhmuonline\season6custom\source\server\gameserver\gameserver\release\gameserver_ex603\miningsystem.obj
e:\vanthanhmuonline\season6custom\source\server\gameserver\gameserver\release\gameserver_ex603\minimap.obj
e:\vanthanhmuonline\season6custom\source\server\gameserver\gameserver\release\gameserver_ex603\minidump.obj
e:\vanthanhmuonline\season6custom\source\server\gameserver\gameserver\release\gameserver_ex603\message.obj
e:\vanthanhmuonline\season6custom\source\server\gameserver\gameserver\release\gameserver_ex603\offlinemode.obj
e:\vanthanhmuonline\season6custom\source\server\gameserver\gameserver\release\gameserver_ex603\objectmanager.obj
e:\vanthanhmuonline\season6custom\source\server\gameserver\gameserver\release\gameserver_ex603\npctalk.obj
e:\vanthanhmuonline\season6custom\source\server\gameserver\gameserver\release\gameserver_ex603\notice.obj
e:\vanthanhmuonline\season6custom\source\server\gameserver\gameserver\release\gameserver_ex603\muunsystem.obj
e:\vanthanhmuonline\season6custom\source\server\gameserver\gameserver\release\gameserver_ex603\murummy.obj
e:\vanthanhmuonline\season6custom\source\server\gameserver\gameserver\release\gameserver_ex603\movesummon.obj
e:\vanthanhmuonline\season6custom\source\server\gameserver\gameserver\release\gameserver_ex603\move.obj
e:\vanthanhmuonline\season6custom\source\server\gameserver\gameserver\release\gameserver_ex603\mossmerchant.obj
e:\vanthanhmuonline\season6custom\source\server\gameserver\gameserver\release\gameserver_ex603\monsterskillunitinfo.obj
e:\vanthanhmuonline\season6custom\source\server\gameserver\gameserver\release\gameserver_ex603\monsterskillunit.obj
e:\vanthanhmuonline\season6custom\source\server\gameserver\gameserver\release\gameserver_ex603\monsterskillmanager.obj
e:\vanthanhmuonline\season6custom\source\server\gameserver\gameserver\release\gameserver_ex603\monsterskillinfo.obj
e:\vanthanhmuonline\season6custom\source\server\gameserver\gameserver\release\gameserver_ex603\monsterskillelementoption.obj
e:\vanthanhmuonline\season6custom\source\server\gameserver\gameserver\release\gameserver_ex603\monsterskillelementinfo.obj
e:\vanthanhmuonline\season6custom\source\server\gameserver\gameserver\release\gameserver_ex603\monsterskillelement.obj
e:\vanthanhmuonline\season6custom\source\server\gameserver\gameserver\release\gameserver_ex603\monstersetbase.obj
e:\vanthanhmuonline\season6custom\source\server\gameserver\gameserver\release\gameserver_ex603\monsterreward.obj
e:\vanthanhmuonline\season6custom\source\server\gameserver\gameserver\release\gameserver_ex603\monstermanager.obj
e:\vanthanhmuonline\season6custom\source\server\gameserver\gameserver\release\gameserver_ex603\monsteraiutil.obj
e:\vanthanhmuonline\season6custom\source\server\gameserver\gameserver\release\gameserver_ex603\queuetimer.obj
e:\vanthanhmuonline\season6custom\source\server\gameserver\gameserver\release\gameserver_ex603\queue.obj
e:\vanthanhmuonline\season6custom\source\server\gameserver\gameserver\release\gameserver_ex603\questworldreward.obj
e:\vanthanhmuonline\season6custom\source\server\gameserver\gameserver\release\gameserver_ex603\questworldobjective.obj
e:\vanthanhmuonline\season6custom\source\server\gameserver\gameserver\release\gameserver_ex603\questworld.obj
e:\vanthanhmuonline\season6custom\source\server\gameserver\gameserver\release\gameserver_ex603\questreward.obj
e:\vanthanhmuonline\season6custom\source\server\gameserver\gameserver\release\gameserver_ex603\questobjective.obj
e:\vanthanhmuonline\season6custom\source\server\gameserver\gameserver\release\gameserver_ex603\quest.obj
e:\vanthanhmuonline\season6custom\source\server\gameserver\gameserver\release\gameserver_ex603\protocol.obj
e:\vanthanhmuonline\season6custom\source\server\gameserver\gameserver\release\gameserver_ex603\protect.obj
e:\vanthanhmuonline\season6custom\source\server\gameserver\gameserver\release\gameserver_ex603\premiumdrop.obj
e:\vanthanhmuonline\season6custom\source\server\gameserver\gameserver\release\gameserver_ex603\pksystem.obj
e:\vanthanhmuonline\season6custom\source\server\gameserver\gameserver\release\gameserver_ex603\personalshop.obj
e:\vanthanhmuonline\season6custom\source\server\gameserver\gameserver\release\gameserver_ex603\pentagramsystem.obj
e:\vanthanhmuonline\season6custom\source\server\gameserver\gameserver\release\gameserver_ex603\pcpoint.obj
e:\vanthanhmuonline\season6custom\source\server\gameserver\gameserver\release\gameserver_ex603\path.obj
e:\vanthanhmuonline\season6custom\source\server\gameserver\gameserver\release\gameserver_ex603\partysearch.obj
e:\vanthanhmuonline\season6custom\source\server\gameserver\gameserver\release\gameserver_ex603\partymatching.obj
e:\vanthanhmuonline\season6custom\source\server\gameserver\gameserver\release\gameserver_ex603\party.obj
e:\vanthanhmuonline\season6custom\source\server\gameserver\gameserver\release\gameserver_ex603\packetmanager.obj
e:\vanthanhmuonline\season6custom\source\server\gameserver\gameserver\release\gameserver_ex603\setitemoption.obj
e:\vanthanhmuonline\season6custom\source\server\gameserver\gameserver\release\gameserver_ex603\serverinfo.obj
e:\vanthanhmuonline\season6custom\source\server\gameserver\gameserver\release\gameserver_ex603\serverdisplayer.obj
e:\vanthanhmuonline\season6custom\source\server\gameserver\gameserver\release\gameserver_ex603\serialcheck.obj
e:\vanthanhmuonline\season6custom\source\server\gameserver\gameserver\release\gameserver_ex603\schedulemanager.obj
e:\vanthanhmuonline\season6custom\source\server\gameserver\gameserver\release\gameserver_ex603\ruudtokenselltemplate.obj
e:\vanthanhmuonline\season6custom\source\server\gameserver\gameserver\release\gameserver_ex603\rewardsystem.obj
e:\vanthanhmuonline\season6custom\source\server\gameserver\gameserver\release\gameserver_ex603\respawnlocation.obj
e:\vanthanhmuonline\season6custom\source\server\gameserver\gameserver\release\gameserver_ex603\resettable.obj
e:\vanthanhmuonline\season6custom\source\server\gameserver\gameserver\release\gameserver_ex603\resetsystem.obj
e:\vanthanhmuonline\season6custom\source\server\gameserver\gameserver\release\gameserver_ex603\reidomu.obj
e:\vanthanhmuonline\season6custom\source\server\gameserver\gameserver\release\gameserver_ex603\reconnect.obj
e:\vanthanhmuonline\season6custom\source\server\gameserver\gameserver\release\gameserver_ex603\randommanager.obj
e:\vanthanhmuonline\season6custom\source\server\gameserver\gameserver\release\gameserver_ex603\raklionutil.obj
e:\vanthanhmuonline\season6custom\source\server\gameserver\gameserver\release\gameserver_ex603\raklionselupan.obj
e:\vanthanhmuonline\season6custom\source\server\gameserver\gameserver\release\gameserver_ex603\raklionobjinfo.obj
e:\vanthanhmuonline\season6custom\source\server\gameserver\gameserver\release\gameserver_ex603\raklionbattleusermng.obj
e:\vanthanhmuonline\season6custom\source\server\gameserver\gameserver\release\gameserver_ex603\raklionbattleuser.obj
e:\vanthanhmuonline\season6custom\source\server\gameserver\gameserver\release\gameserver_ex603\raklionbattleofselupan.obj
e:\vanthanhmuonline\season6custom\source\server\gameserver\gameserver\release\gameserver_ex603\raklion.obj
e:\vanthanhmuonline\season6custom\source\server\gameserver\gameserver\release\gameserver_ex603\user.obj
e:\vanthanhmuonline\season6custom\source\server\gameserver\gameserver\release\gameserver_ex603\unioninfo.obj
e:\vanthanhmuonline\season6custom\source\server\gameserver\gameserver\release\gameserver_ex603\union.obj
e:\vanthanhmuonline\season6custom\source\server\gameserver\gameserver\release\gameserver_ex603\trade.obj
e:\vanthanhmuonline\season6custom\source\server\gameserver\gameserver\release\gameserver_ex603\thumuadoexc.obj
e:\vanthanhmuonline\season6custom\source\server\gameserver\gameserver\release\gameserver_ex603\teleportmarlon.obj
e:\vanthanhmuonline\season6custom\source\server\gameserver\gameserver\release\gameserver_ex603\summonscroll.obj
e:\vanthanhmuonline\season6custom\source\server\gameserver\gameserver\release\gameserver_ex603\statsadvance.obj
e:\vanthanhmuonline\season6custom\source\server\gameserver\gameserver\release\gameserver_ex603\socketmanagerudp.obj
e:\vanthanhmuonline\season6custom\source\server\gameserver\gameserver\release\gameserver_ex603\socketmanager.obj
e:\vanthanhmuonline\season6custom\source\server\gameserver\gameserver\release\gameserver_ex603\socketitemtype.obj
e:\vanthanhmuonline\season6custom\source\server\gameserver\gameserver\release\gameserver_ex603\socketitemoption.obj
e:\vanthanhmuonline\season6custom\source\server\gameserver\gameserver\release\gameserver_ex603\skyevent.obj
e:\vanthanhmuonline\season6custom\source\server\gameserver\gameserver\release\gameserver_ex603\skillmanager.obj
e:\vanthanhmuonline\season6custom\source\server\gameserver\gameserver\release\gameserver_ex603\skillhitbox.obj
e:\vanthanhmuonline\season6custom\source\server\gameserver\gameserver\release\gameserver_ex603\skill.obj
e:\vanthanhmuonline\season6custom\source\server\gameserver\gameserver\release\gameserver_ex603\shoppointex.obj
e:\vanthanhmuonline\season6custom\source\server\gameserver\gameserver\release\gameserver_ex603\shopmanager.obj
e:\vanthanhmuonline\season6custom\source\server\gameserver\gameserver\release\gameserver_ex603\shop.obj
e:\vanthanhmuonline\season6custom\source\server\gameserver\gameserver\release\gameserver_ex603\setitemtype.obj
e:\vanthanhmuonline\season6custom\source\server\gameserver\gameserver\release\gameserver_ex603\zendrop.obj
e:\vanthanhmuonline\season6custom\source\server\gameserver\gameserver\release\gameserver_ex603\warehouse.obj
e:\vanthanhmuonline\season6custom\source\server\gameserver\gameserver\release\gameserver_ex603\viewport.obj
e:\vanthanhmuonline\season6custom\source\server\gameserver\gameserver\release\gameserver_ex603\util.obj
e:\vanthanhmuonline\season6custom\source\server\gameserver\gameserver\release\gameserver_ex603\pugixml.obj
e:\vanthanhmuonline\season6custom\muserver\sub-1\gameserver\gameserver.lib
e:\vanthanhmuonline\season6custom\muserver\sub-1\gameserver\gameserver.exp
e:\vanthanhmuonline\season6custom\muserver\sub-1\gameserver\gameserver.exe
e:\vanthanhmuonline\season6custom\source\server\gameserver\gameserver\release\gameserver_ex603\gameserver.exe.intermediate.manifest
e:\vanthanhmuonline\season6custom\muserver\sub-1\gameserver\gameserver.pdb
e:\vanthanhmuonline\season6custom\source\server\gameserver\gameserver\release\gameserver_ex603\gameserver.res
e:\vanthanhmuonline\season6custom\source\server\gameserver\gameserver\release\gameserver_ex603\cl.command.1.tlog
e:\vanthanhmuonline\season6custom\source\server\gameserver\gameserver\release\gameserver_ex603\cl.read.1.tlog
e:\vanthanhmuonline\season6custom\source\server\gameserver\gameserver\release\gameserver_ex603\cl.write.1.tlog
e:\vanthanhmuonline\season6custom\source\server\gameserver\gameserver\release\gameserver_ex603\gameserver.write.1.tlog
e:\vanthanhmuonline\season6custom\source\server\gameserver\gameserver\release\gameserver_ex603\link-cvtres.read.1.tlog
e:\vanthanhmuonline\season6custom\source\server\gameserver\gameserver\release\gameserver_ex603\link-cvtres.write.1.tlog
e:\vanthanhmuonline\season6custom\source\server\gameserver\gameserver\release\gameserver_ex603\link.command.1.tlog
e:\vanthanhmuonline\season6custom\source\server\gameserver\gameserver\release\gameserver_ex603\link.read.1.tlog
e:\vanthanhmuonline\season6custom\source\server\gameserver\gameserver\release\gameserver_ex603\link.write.1.tlog
e:\vanthanhmuonline\season6custom\source\server\gameserver\gameserver\release\gameserver_ex603\mt.command.1.tlog
e:\vanthanhmuonline\season6custom\source\server\gameserver\gameserver\release\gameserver_ex603\mt.read.1.tlog
e:\vanthanhmuonline\season6custom\source\server\gameserver\gameserver\release\gameserver_ex603\mt.write.1.tlog
e:\vanthanhmuonline\season6custom\source\server\gameserver\gameserver\release\gameserver_ex603\rc.command.1.tlog
e:\vanthanhmuonline\season6custom\source\server\gameserver\gameserver\release\gameserver_ex603\rc.read.1.tlog
e:\vanthanhmuonline\season6custom\source\server\gameserver\gameserver\release\gameserver_ex603\rc.write.1.tlog
e:\vanthanhmuonline\season6custom\source\server\gameserver\gameserver\..\..\..\..\muserver\sub-1\gameserver\gameserver.exe
