e:\season 6 emu 15 fix\source\server\gameserver\gameserver\release\gameserver_ex603cs\gameservercs.pch
e:\season 6 emu 15 fix\source\server\gameserver\gameserver\release\gameserver_ex603cs\stdafx.obj
e:\season 6 emu 15 fix\source\server\gameserver\gameserver\release\gameserver_ex603cs\vc100.pdb
e:\season 6 emu 15 fix\source\server\gameserver\gameserver\release\gameserver_ex603cs\pugixml.obj
e:\season 6 emu 15 fix\source\server\gameserver\gameserver\release\gameserver_ex603cs\serverinfo.obj
e:\season 6 emu 15 fix\source\server\gameserver\gameserver\release\gameserver_ex603cs\protocol.obj
e:\season 6 emu 15 fix\source\server\gameserver\gameserver\release\gameserver_ex603cs\objectmanager.obj
e:\season 6 emu 15 fix\source\server\gameserver\gameserver\release\gameserver_ex603cs\monster.obj
e:\season 6 emu 15 fix\source\server\gameserver\gameserver\release\gameserver_ex603cs\license.obj
e:\season 6 emu 15 fix\source\server\gameserver\gameserver\release\gameserver_ex603cs\eventhideandseek.obj
e:\season 6 emu 15 fix\source\server\gameserver\gameserver\release\gameserver_ex603cs\dsprotocol.obj
e:\season 6 emu 15 fix\source\server\gameserver\gameserver\release\gameserver_ex603cs\customnhiemvu.obj
e:\season 6 emu 15 fix\source\server\gameserver\gameserver\release\gameserver_ex603cs\viewport.obj
e:\season 6 emu 15 fix\source\server\gameserver\gameserver\release\gameserver_ex603cs\user.obj
e:\season 6 emu 15 fix\source\server\gameserver\gameserver\release\gameserver_ex603cs\skillmanager.obj
e:\season 6 emu 15 fix\source\server\gameserver\gameserver\release\gameserver_ex603cs\serverdisplayer.obj
e:\season 6 emu 15 fix\source\server\gameserver\gameserver\release\gameserver_ex603cs\npctalk.obj
e:\season 6 emu 15 fix\source\server\gameserver\gameserver\release\gameserver_ex603cs\move.obj
e:\season 6 emu 15 fix\source\server\gameserver\gameserver\release\gameserver_ex603cs\monstermanager.obj
e:\season 6 emu 15 fix\source\server\gameserver\gameserver\release\gameserver_ex603cs\gameserver.obj
e:\season 6 emu 15 fix\source\server\gameserver\gameserver\release\gameserver_ex603cs\eventtvt.obj
e:\season 6 emu 15 fix\source\server\gameserver\gameserver\release\gameserver_ex603cs\customarena.obj
e:\season 6 emu 15 fix\source\server\gameserver\gameserver\release\gameserver_ex603cs\commandmanager.obj
e:\season 6 emu 15 fix\source\server\gameserver\gameserver\release\gameserver_ex603cs\attack.obj
e:\emus6new\source\server\gameserver\gameserver\release\gameserver_ex603cs\castlesiegecrown.obj
e:\emus6new\source\server\gameserver\gameserver\release\gameserver_ex603cs\castlesiege.obj
e:\emus6new\source\server\gameserver\gameserver\release\gameserver_ex603cs\castledeep.obj
e:\emus6new\source\server\gameserver\gameserver\release\gameserver_ex603cs\cashshop.obj
e:\emus6new\source\server\gameserver\gameserver\release\gameserver_ex603cs\cannontower.obj
e:\emus6new\source\server\gameserver\gameserver\release\gameserver_ex603cs\bprotect.obj
e:\emus6new\source\server\gameserver\gameserver\release\gameserver_ex603cs\botbuffer.obj
e:\emus6new\source\server\gameserver\gameserver\release\gameserver_ex603cs\botalchemist.obj
e:\emus6new\source\server\gameserver\gameserver\release\gameserver_ex603cs\bonusmanager.obj
e:\emus6new\source\server\gameserver\gameserver\release\gameserver_ex603cs\bloodcastle.obj
e:\emus6new\source\server\gameserver\gameserver\release\gameserver_ex603cs\battlesoccermanager.obj
e:\emus6new\source\server\gameserver\gameserver\release\gameserver_ex603cs\battlesoccer.obj
e:\emus6new\source\server\gameserver\gameserver\release\gameserver_ex603cs\battleground.obj
e:\emus6new\source\server\gameserver\gameserver\release\gameserver_ex603cs\attack.obj
e:\emus6new\source\server\gameserver\gameserver\release\gameserver_ex603cs\arcabattle.obj
e:\emus6new\source\server\gameserver\gameserver\release\gameserver_ex603cs\achievements.obj
e:\emus6new\source\server\gameserver\gameserver\release\gameserver_ex603cs\380itemtype.obj
e:\emus6new\source\server\gameserver\gameserver\release\gameserver_ex603cs\380itemoption.obj
e:\emus6new\source\server\gameserver\gameserver\release\gameserver_ex603cs\math.obj
e:\emus6new\source\server\gameserver\gameserver\release\gameserver_ex603cs\ccrc32.obj
e:\emus6new\source\server\gameserver\gameserver\release\gameserver_ex603cs\csprotocol.obj
e:\emus6new\source\server\gameserver\gameserver\release\gameserver_ex603cs\crywolfutil.obj
e:\emus6new\source\server\gameserver\gameserver\release\gameserver_ex603cs\crywolfsync.obj
e:\emus6new\source\server\gameserver\gameserver\release\gameserver_ex603cs\crywolfstatue.obj
e:\emus6new\source\server\gameserver\gameserver\release\gameserver_ex603cs\crywolfstatetimeinfo.obj
e:\emus6new\source\server\gameserver\gameserver\release\gameserver_ex603cs\crywolfobjinfo.obj
e:\emus6new\source\server\gameserver\gameserver\release\gameserver_ex603cs\crywolfaltar.obj
e:\emus6new\source\server\gameserver\gameserver\release\gameserver_ex603cs\crywolf.obj
e:\emus6new\source\server\gameserver\gameserver\release\gameserver_ex603cs\criticalsection.obj
e:\emus6new\source\server\gameserver\gameserver\release\gameserver_ex603cs\connection.obj
e:\emus6new\source\server\gameserver\gameserver\release\gameserver_ex603cs\commandmanager.obj
e:\emus6new\source\server\gameserver\gameserver\release\gameserver_ex603cs\command.obj
e:\emus6new\source\server\gameserver\gameserver\release\gameserver_ex603cs\comboskill.obj
e:\emus6new\source\server\gameserver\gameserver\release\gameserver_ex603cs\chientruongco.obj
e:\emus6new\source\server\gameserver\gameserver\release\gameserver_ex603cs\chaoscastle.obj
e:\emus6new\source\server\gameserver\gameserver\release\gameserver_ex603cs\chaosbox.obj
e:\emus6new\source\server\gameserver\gameserver\release\gameserver_ex603cs\changeclass.obj
e:\emus6new\source\server\gameserver\gameserver\release\gameserver_ex603cs\castlesiegeweapon.obj
e:\emus6new\source\server\gameserver\gameserver\release\gameserver_ex603cs\castlesiegesync.obj
e:\emus6new\source\server\gameserver\gameserver\release\gameserver_ex603cs\castlesiegecrownswitch.obj
e:\emus6new\source\server\gameserver\gameserver\release\gameserver_ex603cs\customnguhanh.obj
e:\emus6new\source\server\gameserver\gameserver\release\gameserver_ex603cs\custommoveevent.obj
e:\emus6new\source\server\gameserver\gameserver\release\gameserver_ex603cs\custommove.obj
e:\emus6new\source\server\gameserver\gameserver\release\gameserver_ex603cs\custommonsterskill.obj
e:\emus6new\source\server\gameserver\gameserver\release\gameserver_ex603cs\custommonster.obj
e:\emus6new\source\server\gameserver\gameserver\release\gameserver_ex603cs\custommix.obj
e:\emus6new\source\server\gameserver\gameserver\release\gameserver_ex603cs\customluckyspin.obj
e:\emus6new\source\server\gameserver\gameserver\release\gameserver_ex603cs\customkinhmach.obj
e:\emus6new\source\server\gameserver\gameserver\release\gameserver_ex603cs\customjewel.obj
e:\emus6new\source\server\gameserver\gameserver\release\gameserver_ex603cs\customghrs.obj
e:\emus6new\source\server\gameserver\gameserver\release\gameserver_ex603cs\customeventtime.obj
e:\emus6new\source\server\gameserver\gameserver\release\gameserver_ex603cs\customeventdrop.obj
e:\emus6new\source\server\gameserver\gameserver\release\gameserver_ex603cs\customdeathmessage.obj
e:\emus6new\source\server\gameserver\gameserver\release\gameserver_ex603cs\customdanhhieu.obj
e:\emus6new\source\server\gameserver\gameserver\release\gameserver_ex603cs\customcommanddescription.obj
e:\emus6new\source\server\gameserver\gameserver\release\gameserver_ex603cs\customcombo.obj
e:\emus6new\source\server\gameserver\gameserver\release\gameserver_ex603cs\custombuyvip.obj
e:\emus6new\source\server\gameserver\gameserver\release\gameserver_ex603cs\customattack.obj
e:\emus6new\source\server\gameserver\gameserver\release\gameserver_ex603cs\customarena.obj
e:\emus6new\source\server\gameserver\gameserver\release\gameserver_ex603cs\ctcmini.obj
e:\emus6new\source\server\gameserver\gameserver\release\gameserver_ex603cs\customstartitemdame.obj
e:\emus6new\source\server\gameserver\gameserver\release\gameserver_ex603cs\customstartitem.obj
e:\emus6new\source\server\gameserver\gameserver\release\gameserver_ex603cs\customsachthuoctinh.obj
e:\emus6new\source\server\gameserver\gameserver\release\gameserver_ex603cs\customringpedan.obj
e:\emus6new\source\server\gameserver\gameserver\release\gameserver_ex603cs\customrankuser.obj
e:\emus6new\source\server\gameserver\gameserver\release\gameserver_ex603cs\customranking.obj
e:\emus6new\source\server\gameserver\gameserver\release\gameserver_ex603cs\customquiz.obj
e:\emus6new\source\server\gameserver\gameserver\release\gameserver_ex603cs\customquest.obj
e:\emus6new\source\server\gameserver\gameserver\release\gameserver_ex603cs\customquanham.obj
e:\emus6new\source\server\gameserver\gameserver\release\gameserver_ex603cs\custompkfree.obj
e:\emus6new\source\server\gameserver\gameserver\release\gameserver_ex603cs\custompick.obj
e:\emus6new\source\server\gameserver\gameserver\release\gameserver_ex603cs\custompet.obj
e:\emus6new\source\server\gameserver\gameserver\release\gameserver_ex603cs\customonlinelottery.obj
e:\emus6new\source\server\gameserver\gameserver\release\gameserver_ex603cs\customofflinemode.obj
e:\emus6new\source\server\gameserver\gameserver\release\gameserver_ex603cs\customnpcquest.obj
e:\emus6new\source\server\gameserver\gameserver\release\gameserver_ex603cs\customnpcmove.obj
e:\emus6new\source\server\gameserver\gameserver\release\gameserver_ex603cs\customnpccommand.obj
e:\emus6new\source\server\gameserver\gameserver\release\gameserver_ex603cs\customnpccollector.obj
e:\emus6new\source\server\gameserver\gameserver\release\gameserver_ex603cs\customnhiemvudays.obj
e:\emus6new\source\server\gameserver\gameserver\release\gameserver_ex603cs\customnhiemvu.obj
e:\emus6new\source\server\gameserver\gameserver\release\gameserver_ex603cs\eventinventory.obj
e:\emus6new\source\server\gameserver\gameserver\release\gameserver_ex603cs\eventhideandseek.obj
e:\emus6new\source\server\gameserver\gameserver\release\gameserver_ex603cs\esprotocol.obj
e:\emus6new\source\server\gameserver\gameserver\release\gameserver_ex603cs\effectmanager.obj
e:\emus6new\source\server\gameserver\gameserver\release\gameserver_ex603cs\effect.obj
e:\emus6new\source\server\gameserver\gameserver\release\gameserver_ex603cs\duel.obj
e:\emus6new\source\server\gameserver\gameserver\release\gameserver_ex603cs\dsprotocol.obj
e:\emus6new\source\server\gameserver\gameserver\release\gameserver_ex603cs\dropreward.obj
e:\emus6new\source\server\gameserver\gameserver\release\gameserver_ex603cs\doublegoer.obj
e:\emus6new\source\server\gameserver\gameserver\release\gameserver_ex603cs\devilsquare.obj
e:\emus6new\source\server\gameserver\gameserver\release\gameserver_ex603cs\defaultclassinfo.obj
e:\emus6new\source\server\gameserver\gameserver\release\gameserver_ex603cs\darkspirit.obj
e:\emus6new\source\server\gameserver\gameserver\release\gameserver_ex603cs\customwingmix.obj
e:\emus6new\source\server\gameserver\gameserver\release\gameserver_ex603cs\customwing.obj
e:\emus6new\source\server\gameserver\gameserver\release\gameserver_ex603cs\customtuluyen.obj
e:\emus6new\source\server\gameserver\gameserver\release\gameserver_ex603cs\customtop.obj
e:\emus6new\source\server\gameserver\gameserver\release\gameserver_ex603cs\customtinhnang.obj
e:\emus6new\source\server\gameserver\gameserver\release\gameserver_ex603cs\customthuevip.obj
e:\emus6new\source\server\gameserver\gameserver\release\gameserver_ex603cs\customstore.obj
e:\emus6new\source\server\gameserver\gameserver\release\gameserver_ex603cs\customstartsetitemdame.obj
e:\emus6new\source\server\gameserver\gameserver\release\gameserver_ex603cs\grandresetsystem.obj
e:\emus6new\source\server\gameserver\gameserver\release\gameserver_ex603cs\genssystem.obj
e:\emus6new\source\server\gameserver\gameserver\release\gameserver_ex603cs\gate.obj
e:\emus6new\source\server\gameserver\gameserver\release\gameserver_ex603cs\gameserver.obj
e:\emus6new\source\server\gameserver\gameserver\release\gameserver_ex603cs\gamemaster.obj
e:\emus6new\source\server\gameserver\gameserver\release\gameserver_ex603cs\gamemain.obj
e:\emus6new\source\server\gameserver\gameserver\release\gameserver_ex603cs\fruit.obj
e:\emus6new\source\server\gameserver\gameserver\release\gameserver_ex603cs\flyingdragons.obj
e:\emus6new\source\server\gameserver\gameserver\release\gameserver_ex603cs\filterraname.obj
e:\emus6new\source\server\gameserver\gameserver\release\gameserver_ex603cs\filter.obj
e:\emus6new\source\server\gameserver\gameserver\release\gameserver_ex603cs\fakeonline.obj
e:\emus6new\source\server\gameserver\gameserver\release\gameserver_ex603cs\exwinquestsystem.obj
e:\emus6new\source\server\gameserver\gameserver\release\gameserver_ex603cs\experiencetable.obj
e:\emus6new\source\server\gameserver\gameserver\release\gameserver_ex603cs\eventtvt.obj
e:\emus6new\source\server\gameserver\gameserver\release\gameserver_ex603cs\eventstart.obj
e:\emus6new\source\server\gameserver\gameserver\release\gameserver_ex603cs\eventrussianroulette.obj
e:\emus6new\source\server\gameserver\gameserver\release\gameserver_ex603cs\eventrunandcatch.obj
e:\emus6new\source\server\gameserver\gameserver\release\gameserver_ex603cs\eventquickly.obj
e:\emus6new\source\server\gameserver\gameserver\release\gameserver_ex603cs\eventpvp.obj
e:\emus6new\source\server\gameserver\gameserver\release\gameserver_ex603cs\eventkillall.obj
e:\emus6new\source\server\gameserver\gameserver\release\gameserver_ex603cs\itembagmanager.obj
e:\emus6new\source\server\gameserver\gameserver\release\gameserver_ex603cs\itembagex.obj
e:\emus6new\source\server\gameserver\gameserver\release\gameserver_ex603cs\itembag.obj
e:\emus6new\source\server\gameserver\gameserver\release\gameserver_ex603cs\item.obj
e:\emus6new\source\server\gameserver\gameserver\release\gameserver_ex603cs\ipmanager.obj
e:\emus6new\source\server\gameserver\gameserver\release\gameserver_ex603cs\inventoryequipment.obj
e:\emus6new\source\server\gameserver\gameserver\release\gameserver_ex603cs\invasionmanager.obj
e:\emus6new\source\server\gameserver\gameserver\release\gameserver_ex603cs\imperialguardian.obj
e:\emus6new\source\server\gameserver\gameserver\release\gameserver_ex603cs\illusiontemple.obj
e:\emus6new\source\server\gameserver\gameserver\release\gameserver_ex603cs\hwidmanager.obj
e:\emus6new\source\server\gameserver\gameserver\release\gameserver_ex603cs\helper.obj
e:\emus6new\source\server\gameserver\gameserver\release\gameserver_ex603cs\hackskillcheck.obj
e:\emus6new\source\server\gameserver\gameserver\release\gameserver_ex603cs\hackpacketcheck.obj
e:\emus6new\source\server\gameserver\gameserver\release\gameserver_ex603cs\hackcheck.obj
e:\emus6new\source\server\gameserver\gameserver\release\gameserver_ex603cs\guildmatching.obj
e:\emus6new\source\server\gameserver\gameserver\release\gameserver_ex603cs\guildclass.obj
e:\emus6new\source\server\gameserver\gameserver\release\gameserver_ex603cs\guild.obj
e:\emus6new\source\server\gameserver\gameserver\release\gameserver_ex603cs\guardianstatue.obj
e:\emus6new\source\server\gameserver\gameserver\release\gameserver_ex603cs\swampevent.obj
e:\emus6new\source\server\gameserver\gameserver\release\gameserver_ex603cs\newcustomfunctions.obj
e:\emus6new\source\server\gameserver\gameserver\release\gameserver_ex603cs\kanturubattleusermng.obj
e:\emus6new\source\server\gameserver\gameserver\release\gameserver_ex603cs\kanturubattlestanby.obj
e:\emus6new\source\server\gameserver\gameserver\release\gameserver_ex603cs\kanturubattleofnightmare.obj
e:\emus6new\source\server\gameserver\gameserver\release\gameserver_ex603cs\kanturubattleofmaya.obj
e:\emus6new\source\server\gameserver\gameserver\release\gameserver_ex603cs\kanturu.obj
e:\emus6new\source\server\gameserver\gameserver\release\gameserver_ex603cs\kalima.obj
e:\emus6new\source\server\gameserver\gameserver\release\gameserver_ex603cs\jsprotocol.obj
e:\emus6new\source\server\gameserver\gameserver\release\gameserver_ex603cs\jewelofharmonytype.obj
e:\emus6new\source\server\gameserver\gameserver\release\gameserver_ex603cs\jewelofharmonyoption.obj
e:\emus6new\source\server\gameserver\gameserver\release\gameserver_ex603cs\jewelmix.obj
e:\emus6new\source\server\gameserver\gameserver\release\gameserver_ex603cs\jewelbank.obj
e:\emus6new\source\server\gameserver\gameserver\release\gameserver_ex603cs\itemvaluetrade.obj
e:\emus6new\source\server\gameserver\gameserver\release\gameserver_ex603cs\itemvalue.obj
e:\emus6new\source\server\gameserver\gameserver\release\gameserver_ex603cs\itemstack.obj
e:\emus6new\source\server\gameserver\gameserver\release\gameserver_ex603cs\itemoptionrate.obj
e:\emus6new\source\server\gameserver\gameserver\release\gameserver_ex603cs\itemoption.obj
e:\emus6new\source\server\gameserver\gameserver\release\gameserver_ex603cs\itemmove.obj
e:\emus6new\source\server\gameserver\gameserver\release\gameserver_ex603cs\itemmanager.obj
e:\emus6new\source\server\gameserver\gameserver\release\gameserver_ex603cs\itemlevel.obj
e:\emus6new\source\server\gameserver\gameserver\release\gameserver_ex603cs\itemdrop.obj
e:\emus6new\source\server\gameserver\gameserver\release\gameserver_ex603cs\memscript.obj
e:\emus6new\source\server\gameserver\gameserver\release\gameserver_ex603cs\memoryallocatorinfo.obj
e:\emus6new\source\server\gameserver\gameserver\release\gameserver_ex603cs\memoryallocator.obj
e:\emus6new\source\server\gameserver\gameserver\release\gameserver_ex603cs\masterskilltree.obj
e:\emus6new\source\server\gameserver\gameserver\release\gameserver_ex603cs\mapservermanager.obj
e:\emus6new\source\server\gameserver\gameserver\release\gameserver_ex603cs\mappath.obj
e:\emus6new\source\server\gameserver\gameserver\release\gameserver_ex603cs\mapmanager.obj
e:\emus6new\source\server\gameserver\gameserver\release\gameserver_ex603cs\mapitem.obj
e:\emus6new\source\server\gameserver\gameserver\release\gameserver_ex603cs\map.obj
e:\emus6new\source\server\gameserver\gameserver\release\gameserver_ex603cs\luckyitem.obj
e:\emus6new\source\server\gameserver\gameserver\release\gameserver_ex603cs\luckycoin.obj
e:\emus6new\source\server\gameserver\gameserver\release\gameserver_ex603cs\log.obj
e:\emus6new\source\server\gameserver\gameserver\release\gameserver_ex603cs\lifestone.obj
e:\emus6new\source\server\gameserver\gameserver\release\gameserver_ex603cs\kanturuutil.obj
e:\emus6new\source\server\gameserver\gameserver\release\gameserver_ex603cs\kanturutowerofrefinement.obj
e:\emus6new\source\server\gameserver\gameserver\release\gameserver_ex603cs\kanturustateinfo.obj
e:\emus6new\source\server\gameserver\gameserver\release\gameserver_ex603cs\kanturuobjinfo.obj
e:\emus6new\source\server\gameserver\gameserver\release\gameserver_ex603cs\kanturumonstermng.obj
e:\emus6new\source\server\gameserver\gameserver\release\gameserver_ex603cs\kanturumaya.obj
e:\emus6new\source\server\gameserver\gameserver\release\gameserver_ex603cs\kanturuentrancenpc.obj
e:\emus6new\source\server\gameserver\gameserver\release\gameserver_ex603cs\monsteraiunit.obj
e:\emus6new\source\server\gameserver\gameserver\release\gameserver_ex603cs\monsteraistate.obj
e:\emus6new\source\server\gameserver\gameserver\release\gameserver_ex603cs\monsterairuleinfo.obj
e:\emus6new\source\server\gameserver\gameserver\release\gameserver_ex603cs\monsterairule.obj
e:\emus6new\source\server\gameserver\gameserver\release\gameserver_ex603cs\monsteraimovepathinfo.obj
e:\emus6new\source\server\gameserver\gameserver\release\gameserver_ex603cs\monsteraimovepath.obj
e:\emus6new\source\server\gameserver\gameserver\release\gameserver_ex603cs\monsteraigroupmember.obj
e:\emus6new\source\server\gameserver\gameserver\release\gameserver_ex603cs\monsteraigroup.obj
e:\emus6new\source\server\gameserver\gameserver\release\gameserver_ex603cs\monsteraielementinfo.obj
e:\emus6new\source\server\gameserver\gameserver\release\gameserver_ex603cs\monsteraielement.obj
e:\emus6new\source\server\gameserver\gameserver\release\gameserver_ex603cs\monsteraiautomatainfo.obj
e:\emus6new\source\server\gameserver\gameserver\release\gameserver_ex603cs\monsteraiautomata.obj
e:\emus6new\source\server\gameserver\gameserver\release\gameserver_ex603cs\monsteraiagro.obj
e:\emus6new\source\server\gameserver\gameserver\release\gameserver_ex603cs\monsterai.obj
e:\emus6new\source\server\gameserver\gameserver\release\gameserver_ex603cs\monster.obj
e:\emus6new\source\server\gameserver\gameserver\release\gameserver_ex603cs\miningsystem.obj
e:\emus6new\source\server\gameserver\gameserver\release\gameserver_ex603cs\minimap.obj
e:\emus6new\source\server\gameserver\gameserver\release\gameserver_ex603cs\minidump.obj
e:\emus6new\source\server\gameserver\gameserver\release\gameserver_ex603cs\message.obj
e:\emus6new\source\server\gameserver\gameserver\release\gameserver_ex603cs\mercenary.obj
e:\emus6new\source\server\gameserver\gameserver\release\gameserver_ex603cs\npctalk.obj
e:\emus6new\source\server\gameserver\gameserver\release\gameserver_ex603cs\notice.obj
e:\emus6new\source\server\gameserver\gameserver\release\gameserver_ex603cs\muunsystem.obj
e:\emus6new\source\server\gameserver\gameserver\release\gameserver_ex603cs\murummy.obj
e:\emus6new\source\server\gameserver\gameserver\release\gameserver_ex603cs\movesummon.obj
e:\emus6new\source\server\gameserver\gameserver\release\gameserver_ex603cs\move.obj
e:\emus6new\source\server\gameserver\gameserver\release\gameserver_ex603cs\mossmerchant.obj
e:\emus6new\source\server\gameserver\gameserver\release\gameserver_ex603cs\monsterskillunitinfo.obj
e:\emus6new\source\server\gameserver\gameserver\release\gameserver_ex603cs\monsterskillunit.obj
e:\emus6new\source\server\gameserver\gameserver\release\gameserver_ex603cs\monsterskillmanager.obj
e:\emus6new\source\server\gameserver\gameserver\release\gameserver_ex603cs\monsterskillinfo.obj
e:\emus6new\source\server\gameserver\gameserver\release\gameserver_ex603cs\monsterskillelementoption.obj
e:\emus6new\source\server\gameserver\gameserver\release\gameserver_ex603cs\monsterskillelementinfo.obj
e:\emus6new\source\server\gameserver\gameserver\release\gameserver_ex603cs\monsterskillelement.obj
e:\emus6new\source\server\gameserver\gameserver\release\gameserver_ex603cs\monstersetbase.obj
e:\emus6new\source\server\gameserver\gameserver\release\gameserver_ex603cs\monsterreward.obj
e:\emus6new\source\server\gameserver\gameserver\release\gameserver_ex603cs\monstermanager.obj
e:\emus6new\source\server\gameserver\gameserver\release\gameserver_ex603cs\monstercall.obj
e:\emus6new\source\server\gameserver\gameserver\release\gameserver_ex603cs\monsteraiutil.obj
e:\emus6new\source\server\gameserver\gameserver\release\gameserver_ex603cs\monsteraiunitinfo.obj
e:\emus6new\source\server\gameserver\gameserver\release\gameserver_ex603cs\questworldreward.obj
e:\emus6new\source\server\gameserver\gameserver\release\gameserver_ex603cs\questworldobjective.obj
e:\emus6new\source\server\gameserver\gameserver\release\gameserver_ex603cs\questworld.obj
e:\emus6new\source\server\gameserver\gameserver\release\gameserver_ex603cs\questreward.obj
e:\emus6new\source\server\gameserver\gameserver\release\gameserver_ex603cs\questobjective.obj
e:\emus6new\source\server\gameserver\gameserver\release\gameserver_ex603cs\quest.obj
e:\emus6new\source\server\gameserver\gameserver\release\gameserver_ex603cs\protocol.obj
e:\emus6new\source\server\gameserver\gameserver\release\gameserver_ex603cs\protect.obj
e:\emus6new\source\server\gameserver\gameserver\release\gameserver_ex603cs\premiumdrop.obj
e:\emus6new\source\server\gameserver\gameserver\release\gameserver_ex603cs\pksystem.obj
e:\emus6new\source\server\gameserver\gameserver\release\gameserver_ex603cs\personalshop.obj
e:\emus6new\source\server\gameserver\gameserver\release\gameserver_ex603cs\pentagramsystem.obj
e:\emus6new\source\server\gameserver\gameserver\release\gameserver_ex603cs\pcpoint.obj
e:\emus6new\source\server\gameserver\gameserver\release\gameserver_ex603cs\path.obj
e:\emus6new\source\server\gameserver\gameserver\release\gameserver_ex603cs\partysearch.obj
e:\emus6new\source\server\gameserver\gameserver\release\gameserver_ex603cs\partymatching.obj
e:\emus6new\source\server\gameserver\gameserver\release\gameserver_ex603cs\party.obj
e:\emus6new\source\server\gameserver\gameserver\release\gameserver_ex603cs\packetmanager.obj
e:\emus6new\source\server\gameserver\gameserver\release\gameserver_ex603cs\offlinemode.obj
e:\emus6new\source\server\gameserver\gameserver\release\gameserver_ex603cs\objectmanager.obj
e:\emus6new\source\server\gameserver\gameserver\release\gameserver_ex603cs\serverdisplayer.obj
e:\emus6new\source\server\gameserver\gameserver\release\gameserver_ex603cs\serialcheck.obj
e:\emus6new\source\server\gameserver\gameserver\release\gameserver_ex603cs\schedulemanager.obj
e:\emus6new\source\server\gameserver\gameserver\release\gameserver_ex603cs\ruudtokenselltemplate.obj
e:\emus6new\source\server\gameserver\gameserver\release\gameserver_ex603cs\rewardsystem.obj
e:\emus6new\source\server\gameserver\gameserver\release\gameserver_ex603cs\respawnlocation.obj
e:\emus6new\source\server\gameserver\gameserver\release\gameserver_ex603cs\resettable.obj
e:\emus6new\source\server\gameserver\gameserver\release\gameserver_ex603cs\resetsystem.obj
e:\emus6new\source\server\gameserver\gameserver\release\gameserver_ex603cs\reidomu.obj
e:\emus6new\source\server\gameserver\gameserver\release\gameserver_ex603cs\reconnect.obj
e:\emus6new\source\server\gameserver\gameserver\release\gameserver_ex603cs\randommanager.obj
e:\emus6new\source\server\gameserver\gameserver\release\gameserver_ex603cs\raklionutil.obj
e:\emus6new\source\server\gameserver\gameserver\release\gameserver_ex603cs\raklionselupan.obj
e:\emus6new\source\server\gameserver\gameserver\release\gameserver_ex603cs\raklionobjinfo.obj
e:\emus6new\source\server\gameserver\gameserver\release\gameserver_ex603cs\raklionbattleusermng.obj
e:\emus6new\source\server\gameserver\gameserver\release\gameserver_ex603cs\raklionbattleuser.obj
e:\emus6new\source\server\gameserver\gameserver\release\gameserver_ex603cs\raklionbattleofselupan.obj
e:\emus6new\source\server\gameserver\gameserver\release\gameserver_ex603cs\raklion.obj
e:\emus6new\source\server\gameserver\gameserver\release\gameserver_ex603cs\queuetimer.obj
e:\emus6new\source\server\gameserver\gameserver\release\gameserver_ex603cs\queue.obj
e:\emus6new\source\server\gameserver\gameserver\release\gameserver_ex603cs\union.obj
e:\emus6new\source\server\gameserver\gameserver\release\gameserver_ex603cs\trade.obj
e:\emus6new\source\server\gameserver\gameserver\release\gameserver_ex603cs\thumuadoexc.obj
e:\emus6new\source\server\gameserver\gameserver\release\gameserver_ex603cs\teleportmarlon.obj
e:\emus6new\source\server\gameserver\gameserver\release\gameserver_ex603cs\summonscroll.obj
e:\emus6new\source\server\gameserver\gameserver\release\gameserver_ex603cs\statsadvance.obj
e:\emus6new\source\server\gameserver\gameserver\release\gameserver_ex603cs\socketmanagerudp.obj
e:\emus6new\source\server\gameserver\gameserver\release\gameserver_ex603cs\socketmanager.obj
e:\emus6new\source\server\gameserver\gameserver\release\gameserver_ex603cs\socketitemtype.obj
e:\emus6new\source\server\gameserver\gameserver\release\gameserver_ex603cs\socketitemoption.obj
e:\emus6new\source\server\gameserver\gameserver\release\gameserver_ex603cs\skyevent.obj
e:\emus6new\source\server\gameserver\gameserver\release\gameserver_ex603cs\skillmanager.obj
e:\emus6new\source\server\gameserver\gameserver\release\gameserver_ex603cs\skillhitbox.obj
e:\emus6new\source\server\gameserver\gameserver\release\gameserver_ex603cs\skill.obj
e:\emus6new\source\server\gameserver\gameserver\release\gameserver_ex603cs\shoppointex.obj
e:\emus6new\source\server\gameserver\gameserver\release\gameserver_ex603cs\shopmanager.obj
e:\emus6new\source\server\gameserver\gameserver\release\gameserver_ex603cs\shop.obj
e:\emus6new\source\server\gameserver\gameserver\release\gameserver_ex603cs\setitemtype.obj
e:\emus6new\source\server\gameserver\gameserver\release\gameserver_ex603cs\setitemoption.obj
e:\emus6new\source\server\gameserver\gameserver\release\gameserver_ex603cs\serverinfo.obj
e:\emus6new\source\server\gameserver\gameserver\release\gameserver_ex603cs\zendrop.obj
e:\emus6new\source\server\gameserver\gameserver\release\gameserver_ex603cs\warehouse.obj
e:\emus6new\source\server\gameserver\gameserver\release\gameserver_ex603cs\viewport.obj
e:\emus6new\source\server\gameserver\gameserver\release\gameserver_ex603cs\util.obj
e:\emus6new\source\server\gameserver\gameserver\release\gameserver_ex603cs\user.obj
e:\emus6new\source\server\gameserver\gameserver\release\gameserver_ex603cs\unioninfo.obj
e:\emus6new\source\server\gameserver\gameserver\release\gameserver_ex603cs\pugixml.obj
e:\emus6new\source\server\gameserver\gameserver\release\gameserver_ex603cs\vc100.pdb
e:\emus6new\source\server\gameserver\gameserver\release\gameserver_ex603cs\botstore.obj
e:\emus6new\source\server\gameserver\gameserver\release\gameserver_ex603cs\shopsearch.obj
e:\emus6new\source\server\gameserver\gameserver\release\gameserver_ex603cs\gameservercs.pch
e:\emus6new\source\server\gameserver\gameserver\release\gameserver_ex603cs\stdafx.obj
e:\emus6new\source\server\gameserver\gameserver\release\gameserver_ex603cs\leothap.obj
e:\vanthanhmuonline\season6custom\source\server\gameserver\gameserver\release\gameserver_ex603cs\gameservercs.pch
e:\vanthanhmuonline\season6custom\source\server\gameserver\gameserver\release\gameserver_ex603cs\stdafx.obj
e:\vanthanhmuonline\season6custom\source\server\gameserver\gameserver\release\gameserver_ex603cs\vc100.pdb
e:\vanthanhmuonline\season6custom\source\server\gameserver\gameserver\release\gameserver_ex603cs\castlesiege.obj
e:\vanthanhmuonline\season6custom\source\server\gameserver\gameserver\release\gameserver_ex603cs\castledeep.obj
e:\vanthanhmuonline\season6custom\source\server\gameserver\gameserver\release\gameserver_ex603cs\cashshop.obj
e:\vanthanhmuonline\season6custom\source\server\gameserver\gameserver\release\gameserver_ex603cs\cannontower.obj
e:\vanthanhmuonline\season6custom\source\server\gameserver\gameserver\release\gameserver_ex603cs\bprotect.obj
e:\vanthanhmuonline\season6custom\source\server\gameserver\gameserver\release\gameserver_ex603cs\botstore.obj
e:\vanthanhmuonline\season6custom\source\server\gameserver\gameserver\release\gameserver_ex603cs\botbuffer.obj
e:\vanthanhmuonline\season6custom\source\server\gameserver\gameserver\release\gameserver_ex603cs\botalchemist.obj
e:\vanthanhmuonline\season6custom\source\server\gameserver\gameserver\release\gameserver_ex603cs\bonusmanager.obj
e:\vanthanhmuonline\season6custom\source\server\gameserver\gameserver\release\gameserver_ex603cs\bloodcastle.obj
e:\vanthanhmuonline\season6custom\source\server\gameserver\gameserver\release\gameserver_ex603cs\battlesoccermanager.obj
e:\vanthanhmuonline\season6custom\source\server\gameserver\gameserver\release\gameserver_ex603cs\battlesoccer.obj
e:\vanthanhmuonline\season6custom\source\server\gameserver\gameserver\release\gameserver_ex603cs\battleground.obj
e:\vanthanhmuonline\season6custom\source\server\gameserver\gameserver\release\gameserver_ex603cs\attack.obj
e:\vanthanhmuonline\season6custom\source\server\gameserver\gameserver\release\gameserver_ex603cs\arcabattle.obj
e:\vanthanhmuonline\season6custom\source\server\gameserver\gameserver\release\gameserver_ex603cs\achievements.obj
e:\vanthanhmuonline\season6custom\source\server\gameserver\gameserver\release\gameserver_ex603cs\380itemtype.obj
e:\vanthanhmuonline\season6custom\source\server\gameserver\gameserver\release\gameserver_ex603cs\380itemoption.obj
e:\vanthanhmuonline\season6custom\source\server\gameserver\gameserver\release\gameserver_ex603cs\math.obj
e:\vanthanhmuonline\season6custom\source\server\gameserver\gameserver\release\gameserver_ex603cs\ccrc32.obj
e:\vanthanhmuonline\season6custom\source\server\gameserver\gameserver\release\gameserver_ex603cs\crywolfsync.obj
e:\vanthanhmuonline\season6custom\source\server\gameserver\gameserver\release\gameserver_ex603cs\crywolfstatue.obj
e:\vanthanhmuonline\season6custom\source\server\gameserver\gameserver\release\gameserver_ex603cs\crywolfstatetimeinfo.obj
e:\vanthanhmuonline\season6custom\source\server\gameserver\gameserver\release\gameserver_ex603cs\crywolfobjinfo.obj
e:\vanthanhmuonline\season6custom\source\server\gameserver\gameserver\release\gameserver_ex603cs\crywolfaltar.obj
e:\vanthanhmuonline\season6custom\source\server\gameserver\gameserver\release\gameserver_ex603cs\crywolf.obj
e:\vanthanhmuonline\season6custom\source\server\gameserver\gameserver\release\gameserver_ex603cs\criticalsection.obj
e:\vanthanhmuonline\season6custom\source\server\gameserver\gameserver\release\gameserver_ex603cs\connection.obj
e:\vanthanhmuonline\season6custom\source\server\gameserver\gameserver\release\gameserver_ex603cs\commandmanager.obj
e:\vanthanhmuonline\season6custom\source\server\gameserver\gameserver\release\gameserver_ex603cs\command.obj
e:\vanthanhmuonline\season6custom\source\server\gameserver\gameserver\release\gameserver_ex603cs\comboskill.obj
e:\vanthanhmuonline\season6custom\source\server\gameserver\gameserver\release\gameserver_ex603cs\chotroi.obj
e:\vanthanhmuonline\season6custom\source\server\gameserver\gameserver\release\gameserver_ex603cs\chientruongco.obj
e:\vanthanhmuonline\season6custom\source\server\gameserver\gameserver\release\gameserver_ex603cs\chaoscastle.obj
e:\vanthanhmuonline\season6custom\source\server\gameserver\gameserver\release\gameserver_ex603cs\chaosbox.obj
e:\vanthanhmuonline\season6custom\source\server\gameserver\gameserver\release\gameserver_ex603cs\changeclass.obj
e:\vanthanhmuonline\season6custom\source\server\gameserver\gameserver\release\gameserver_ex603cs\castlesiegeweapon.obj
e:\vanthanhmuonline\season6custom\source\server\gameserver\gameserver\release\gameserver_ex603cs\castlesiegesync.obj
e:\vanthanhmuonline\season6custom\source\server\gameserver\gameserver\release\gameserver_ex603cs\castlesiegecrownswitch.obj
e:\vanthanhmuonline\season6custom\source\server\gameserver\gameserver\release\gameserver_ex603cs\castlesiegecrown.obj
e:\vanthanhmuonline\season6custom\source\server\gameserver\gameserver\release\gameserver_ex603cs\custommove.obj
e:\vanthanhmuonline\season6custom\source\server\gameserver\gameserver\release\gameserver_ex603cs\custommonsterskill.obj
e:\vanthanhmuonline\season6custom\source\server\gameserver\gameserver\release\gameserver_ex603cs\custommonster.obj
e:\vanthanhmuonline\season6custom\source\server\gameserver\gameserver\release\gameserver_ex603cs\custommix.obj
e:\vanthanhmuonline\season6custom\source\server\gameserver\gameserver\release\gameserver_ex603cs\customluckyspin.obj
e:\vanthanhmuonline\season6custom\source\server\gameserver\gameserver\release\gameserver_ex603cs\customkinhmach.obj
e:\vanthanhmuonline\season6custom\source\server\gameserver\gameserver\release\gameserver_ex603cs\customjewel.obj
e:\vanthanhmuonline\season6custom\source\server\gameserver\gameserver\release\gameserver_ex603cs\customghrs.obj
e:\vanthanhmuonline\season6custom\source\server\gameserver\gameserver\release\gameserver_ex603cs\customeventtime.obj
e:\vanthanhmuonline\season6custom\source\server\gameserver\gameserver\release\gameserver_ex603cs\customeventdrop.obj
e:\vanthanhmuonline\season6custom\source\server\gameserver\gameserver\release\gameserver_ex603cs\customdeathmessage.obj
e:\vanthanhmuonline\season6custom\source\server\gameserver\gameserver\release\gameserver_ex603cs\customdanhhieu.obj
e:\vanthanhmuonline\season6custom\source\server\gameserver\gameserver\release\gameserver_ex603cs\customcommanddescription.obj
e:\vanthanhmuonline\season6custom\source\server\gameserver\gameserver\release\gameserver_ex603cs\customcombo.obj
e:\vanthanhmuonline\season6custom\source\server\gameserver\gameserver\release\gameserver_ex603cs\custombuyvip.obj
e:\vanthanhmuonline\season6custom\source\server\gameserver\gameserver\release\gameserver_ex603cs\customattack.obj
e:\vanthanhmuonline\season6custom\source\server\gameserver\gameserver\release\gameserver_ex603cs\customarena.obj
e:\vanthanhmuonline\season6custom\source\server\gameserver\gameserver\release\gameserver_ex603cs\ctcmini.obj
e:\vanthanhmuonline\season6custom\source\server\gameserver\gameserver\release\gameserver_ex603cs\csprotocol.obj
e:\vanthanhmuonline\season6custom\source\server\gameserver\gameserver\release\gameserver_ex603cs\crywolfutil.obj
e:\vanthanhmuonline\season6custom\source\server\gameserver\gameserver\release\gameserver_ex603cs\customstartitem.obj
e:\vanthanhmuonline\season6custom\source\server\gameserver\gameserver\release\gameserver_ex603cs\customsachthuoctinh.obj
e:\vanthanhmuonline\season6custom\source\server\gameserver\gameserver\release\gameserver_ex603cs\customringpedan.obj
e:\vanthanhmuonline\season6custom\source\server\gameserver\gameserver\release\gameserver_ex603cs\customrankuser.obj
e:\vanthanhmuonline\season6custom\source\server\gameserver\gameserver\release\gameserver_ex603cs\customranking.obj
e:\vanthanhmuonline\season6custom\source\server\gameserver\gameserver\release\gameserver_ex603cs\customquiz.obj
e:\vanthanhmuonline\season6custom\source\server\gameserver\gameserver\release\gameserver_ex603cs\customquest.obj
e:\vanthanhmuonline\season6custom\source\server\gameserver\gameserver\release\gameserver_ex603cs\customquanham.obj
e:\vanthanhmuonline\season6custom\source\server\gameserver\gameserver\release\gameserver_ex603cs\custompkfree.obj
e:\vanthanhmuonline\season6custom\source\server\gameserver\gameserver\release\gameserver_ex603cs\custompick.obj
e:\vanthanhmuonline\season6custom\source\server\gameserver\gameserver\release\gameserver_ex603cs\custompet.obj
e:\vanthanhmuonline\season6custom\source\server\gameserver\gameserver\release\gameserver_ex603cs\customonlinelottery.obj
e:\vanthanhmuonline\season6custom\source\server\gameserver\gameserver\release\gameserver_ex603cs\customofflinemode.obj
e:\vanthanhmuonline\season6custom\source\server\gameserver\gameserver\release\gameserver_ex603cs\customnpcquest.obj
e:\vanthanhmuonline\season6custom\source\server\gameserver\gameserver\release\gameserver_ex603cs\customnpcmove.obj
e:\vanthanhmuonline\season6custom\source\server\gameserver\gameserver\release\gameserver_ex603cs\customnpccommand.obj
e:\vanthanhmuonline\season6custom\source\server\gameserver\gameserver\release\gameserver_ex603cs\customnpccollector.obj
e:\vanthanhmuonline\season6custom\source\server\gameserver\gameserver\release\gameserver_ex603cs\customnhiemvu.obj
e:\vanthanhmuonline\season6custom\source\server\gameserver\gameserver\release\gameserver_ex603cs\customnguhanh.obj
e:\vanthanhmuonline\season6custom\source\server\gameserver\gameserver\release\gameserver_ex603cs\custommoveevent.obj
e:\vanthanhmuonline\season6custom\source\server\gameserver\gameserver\release\gameserver_ex603cs\eventhideandseek.obj
e:\vanthanhmuonline\season6custom\source\server\gameserver\gameserver\release\gameserver_ex603cs\esprotocol.obj
e:\vanthanhmuonline\season6custom\source\server\gameserver\gameserver\release\gameserver_ex603cs\effectmanager.obj
e:\vanthanhmuonline\season6custom\source\server\gameserver\gameserver\release\gameserver_ex603cs\effect.obj
e:\vanthanhmuonline\season6custom\source\server\gameserver\gameserver\release\gameserver_ex603cs\duel.obj
e:\vanthanhmuonline\season6custom\source\server\gameserver\gameserver\release\gameserver_ex603cs\dsprotocol.obj
e:\vanthanhmuonline\season6custom\source\server\gameserver\gameserver\release\gameserver_ex603cs\dropreward.obj
e:\vanthanhmuonline\season6custom\source\server\gameserver\gameserver\release\gameserver_ex603cs\doublegoer.obj
e:\vanthanhmuonline\season6custom\source\server\gameserver\gameserver\release\gameserver_ex603cs\devilsquare.obj
e:\vanthanhmuonline\season6custom\source\server\gameserver\gameserver\release\gameserver_ex603cs\defaultclassinfo.obj
e:\vanthanhmuonline\season6custom\source\server\gameserver\gameserver\release\gameserver_ex603cs\darkspirit.obj
e:\vanthanhmuonline\season6custom\source\server\gameserver\gameserver\release\gameserver_ex603cs\customwingmix.obj
e:\vanthanhmuonline\season6custom\source\server\gameserver\gameserver\release\gameserver_ex603cs\customwing.obj
e:\vanthanhmuonline\season6custom\source\server\gameserver\gameserver\release\gameserver_ex603cs\customtuluyen.obj
e:\vanthanhmuonline\season6custom\source\server\gameserver\gameserver\release\gameserver_ex603cs\customtop.obj
e:\vanthanhmuonline\season6custom\source\server\gameserver\gameserver\release\gameserver_ex603cs\customtinhnang.obj
e:\vanthanhmuonline\season6custom\source\server\gameserver\gameserver\release\gameserver_ex603cs\customthuevip.obj
e:\vanthanhmuonline\season6custom\source\server\gameserver\gameserver\release\gameserver_ex603cs\customstore.obj
e:\vanthanhmuonline\season6custom\source\server\gameserver\gameserver\release\gameserver_ex603cs\customstartsetitemdame.obj
e:\vanthanhmuonline\season6custom\source\server\gameserver\gameserver\release\gameserver_ex603cs\customstartitemdame.obj
e:\vanthanhmuonline\season6custom\source\server\gameserver\gameserver\release\gameserver_ex603cs\genssystem.obj
e:\vanthanhmuonline\season6custom\source\server\gameserver\gameserver\release\gameserver_ex603cs\gate.obj
e:\vanthanhmuonline\season6custom\source\server\gameserver\gameserver\release\gameserver_ex603cs\gameserver.obj
e:\vanthanhmuonline\season6custom\source\server\gameserver\gameserver\release\gameserver_ex603cs\gamemaster.obj
e:\vanthanhmuonline\season6custom\source\server\gameserver\gameserver\release\gameserver_ex603cs\gamemain.obj
e:\vanthanhmuonline\season6custom\source\server\gameserver\gameserver\release\gameserver_ex603cs\fruit.obj
e:\vanthanhmuonline\season6custom\source\server\gameserver\gameserver\release\gameserver_ex603cs\flyingdragons.obj
e:\vanthanhmuonline\season6custom\source\server\gameserver\gameserver\release\gameserver_ex603cs\filterraname.obj
e:\vanthanhmuonline\season6custom\source\server\gameserver\gameserver\release\gameserver_ex603cs\filter.obj
e:\vanthanhmuonline\season6custom\source\server\gameserver\gameserver\release\gameserver_ex603cs\fakeonline.obj
e:\vanthanhmuonline\season6custom\source\server\gameserver\gameserver\release\gameserver_ex603cs\exwinquestsystem.obj
e:\vanthanhmuonline\season6custom\source\server\gameserver\gameserver\release\gameserver_ex603cs\experiencetable.obj
e:\vanthanhmuonline\season6custom\source\server\gameserver\gameserver\release\gameserver_ex603cs\eventtvt.obj
e:\vanthanhmuonline\season6custom\source\server\gameserver\gameserver\release\gameserver_ex603cs\eventstart.obj
e:\vanthanhmuonline\season6custom\source\server\gameserver\gameserver\release\gameserver_ex603cs\eventrussianroulette.obj
e:\vanthanhmuonline\season6custom\source\server\gameserver\gameserver\release\gameserver_ex603cs\eventrunandcatch.obj
e:\vanthanhmuonline\season6custom\source\server\gameserver\gameserver\release\gameserver_ex603cs\eventquickly.obj
e:\vanthanhmuonline\season6custom\source\server\gameserver\gameserver\release\gameserver_ex603cs\eventpvp.obj
e:\vanthanhmuonline\season6custom\source\server\gameserver\gameserver\release\gameserver_ex603cs\eventkillall.obj
e:\vanthanhmuonline\season6custom\source\server\gameserver\gameserver\release\gameserver_ex603cs\eventinventory.obj
e:\vanthanhmuonline\season6custom\source\server\gameserver\gameserver\release\gameserver_ex603cs\ipmanager.obj
e:\vanthanhmuonline\season6custom\source\server\gameserver\gameserver\release\gameserver_ex603cs\inventoryequipment.obj
e:\vanthanhmuonline\season6custom\source\server\gameserver\gameserver\release\gameserver_ex603cs\invasionmanager.obj
e:\vanthanhmuonline\season6custom\source\server\gameserver\gameserver\release\gameserver_ex603cs\imperialguardian.obj
e:\vanthanhmuonline\season6custom\source\server\gameserver\gameserver\release\gameserver_ex603cs\illusiontemple.obj
e:\vanthanhmuonline\season6custom\source\server\gameserver\gameserver\release\gameserver_ex603cs\hwidmanager.obj
e:\vanthanhmuonline\season6custom\source\server\gameserver\gameserver\release\gameserver_ex603cs\helper.obj
e:\vanthanhmuonline\season6custom\source\server\gameserver\gameserver\release\gameserver_ex603cs\hackskillcheck.obj
e:\vanthanhmuonline\season6custom\source\server\gameserver\gameserver\release\gameserver_ex603cs\hackpacketcheck.obj
e:\vanthanhmuonline\season6custom\source\server\gameserver\gameserver\release\gameserver_ex603cs\hackcheck.obj
e:\vanthanhmuonline\season6custom\source\server\gameserver\gameserver\release\gameserver_ex603cs\guildmatching.obj
e:\vanthanhmuonline\season6custom\source\server\gameserver\gameserver\release\gameserver_ex603cs\guildclass.obj
e:\vanthanhmuonline\season6custom\source\server\gameserver\gameserver\release\gameserver_ex603cs\guild.obj
e:\vanthanhmuonline\season6custom\source\server\gameserver\gameserver\release\gameserver_ex603cs\guardianstatue.obj
e:\vanthanhmuonline\season6custom\source\server\gameserver\gameserver\release\gameserver_ex603cs\swampevent.obj
e:\vanthanhmuonline\season6custom\source\server\gameserver\gameserver\release\gameserver_ex603cs\shopsearch.obj
e:\vanthanhmuonline\season6custom\source\server\gameserver\gameserver\release\gameserver_ex603cs\ramfix.obj
e:\vanthanhmuonline\season6custom\source\server\gameserver\gameserver\release\gameserver_ex603cs\newcustomfunctions.obj
e:\vanthanhmuonline\season6custom\source\server\gameserver\gameserver\release\gameserver_ex603cs\leothap.obj
e:\vanthanhmuonline\season6custom\source\server\gameserver\gameserver\release\gameserver_ex603cs\grandresetsystem.obj
e:\vanthanhmuonline\season6custom\source\server\gameserver\gameserver\release\gameserver_ex603cs\kanturu.obj
e:\vanthanhmuonline\season6custom\source\server\gameserver\gameserver\release\gameserver_ex603cs\kalima.obj
e:\vanthanhmuonline\season6custom\source\server\gameserver\gameserver\release\gameserver_ex603cs\jsprotocol.obj
e:\vanthanhmuonline\season6custom\source\server\gameserver\gameserver\release\gameserver_ex603cs\jewelofharmonytype.obj
e:\vanthanhmuonline\season6custom\source\server\gameserver\gameserver\release\gameserver_ex603cs\jewelofharmonyoption.obj
e:\vanthanhmuonline\season6custom\source\server\gameserver\gameserver\release\gameserver_ex603cs\jewelmix.obj
e:\vanthanhmuonline\season6custom\source\server\gameserver\gameserver\release\gameserver_ex603cs\jewelbank.obj
e:\vanthanhmuonline\season6custom\source\server\gameserver\gameserver\release\gameserver_ex603cs\itemvaluetrade.obj
e:\vanthanhmuonline\season6custom\source\server\gameserver\gameserver\release\gameserver_ex603cs\itemvalue.obj
e:\vanthanhmuonline\season6custom\source\server\gameserver\gameserver\release\gameserver_ex603cs\itemstack.obj
e:\vanthanhmuonline\season6custom\source\server\gameserver\gameserver\release\gameserver_ex603cs\itemoptionrate.obj
e:\vanthanhmuonline\season6custom\source\server\gameserver\gameserver\release\gameserver_ex603cs\itemoption.obj
e:\vanthanhmuonline\season6custom\source\server\gameserver\gameserver\release\gameserver_ex603cs\itemmove.obj
e:\vanthanhmuonline\season6custom\source\server\gameserver\gameserver\release\gameserver_ex603cs\itemmanager.obj
e:\vanthanhmuonline\season6custom\source\server\gameserver\gameserver\release\gameserver_ex603cs\itemlevel.obj
e:\vanthanhmuonline\season6custom\source\server\gameserver\gameserver\release\gameserver_ex603cs\itemdrop.obj
e:\vanthanhmuonline\season6custom\source\server\gameserver\gameserver\release\gameserver_ex603cs\itembagmanager.obj
e:\vanthanhmuonline\season6custom\source\server\gameserver\gameserver\release\gameserver_ex603cs\itembagex.obj
e:\vanthanhmuonline\season6custom\source\server\gameserver\gameserver\release\gameserver_ex603cs\itembag.obj
e:\vanthanhmuonline\season6custom\source\server\gameserver\gameserver\release\gameserver_ex603cs\item.obj
e:\vanthanhmuonline\season6custom\source\server\gameserver\gameserver\release\gameserver_ex603cs\mapservermanager.obj
e:\vanthanhmuonline\season6custom\source\server\gameserver\gameserver\release\gameserver_ex603cs\mappath.obj
e:\vanthanhmuonline\season6custom\source\server\gameserver\gameserver\release\gameserver_ex603cs\mapmanager.obj
e:\vanthanhmuonline\season6custom\source\server\gameserver\gameserver\release\gameserver_ex603cs\mapitem.obj
e:\vanthanhmuonline\season6custom\source\server\gameserver\gameserver\release\gameserver_ex603cs\map.obj
e:\vanthanhmuonline\season6custom\source\server\gameserver\gameserver\release\gameserver_ex603cs\luckyitem.obj
e:\vanthanhmuonline\season6custom\source\server\gameserver\gameserver\release\gameserver_ex603cs\luckycoin.obj
e:\vanthanhmuonline\season6custom\source\server\gameserver\gameserver\release\gameserver_ex603cs\log.obj
e:\vanthanhmuonline\season6custom\source\server\gameserver\gameserver\release\gameserver_ex603cs\lifestone.obj
e:\vanthanhmuonline\season6custom\source\server\gameserver\gameserver\release\gameserver_ex603cs\kanturuutil.obj
e:\vanthanhmuonline\season6custom\source\server\gameserver\gameserver\release\gameserver_ex603cs\kanturutowerofrefinement.obj
e:\vanthanhmuonline\season6custom\source\server\gameserver\gameserver\release\gameserver_ex603cs\kanturustateinfo.obj
e:\vanthanhmuonline\season6custom\source\server\gameserver\gameserver\release\gameserver_ex603cs\kanturuobjinfo.obj
e:\vanthanhmuonline\season6custom\source\server\gameserver\gameserver\release\gameserver_ex603cs\kanturumonstermng.obj
e:\vanthanhmuonline\season6custom\source\server\gameserver\gameserver\release\gameserver_ex603cs\kanturumaya.obj
e:\vanthanhmuonline\season6custom\source\server\gameserver\gameserver\release\gameserver_ex603cs\kanturuentrancenpc.obj
e:\vanthanhmuonline\season6custom\source\server\gameserver\gameserver\release\gameserver_ex603cs\kanturubattleusermng.obj
e:\vanthanhmuonline\season6custom\source\server\gameserver\gameserver\release\gameserver_ex603cs\kanturubattlestanby.obj
e:\vanthanhmuonline\season6custom\source\server\gameserver\gameserver\release\gameserver_ex603cs\kanturubattleofnightmare.obj
e:\vanthanhmuonline\season6custom\source\server\gameserver\gameserver\release\gameserver_ex603cs\kanturubattleofmaya.obj
e:\vanthanhmuonline\season6custom\source\server\gameserver\gameserver\release\gameserver_ex603cs\monsteraimovepathinfo.obj
e:\vanthanhmuonline\season6custom\source\server\gameserver\gameserver\release\gameserver_ex603cs\monsteraimovepath.obj
e:\vanthanhmuonline\season6custom\source\server\gameserver\gameserver\release\gameserver_ex603cs\monsteraigroupmember.obj
e:\vanthanhmuonline\season6custom\source\server\gameserver\gameserver\release\gameserver_ex603cs\monsteraigroup.obj
e:\vanthanhmuonline\season6custom\source\server\gameserver\gameserver\release\gameserver_ex603cs\monsteraielementinfo.obj
e:\vanthanhmuonline\season6custom\source\server\gameserver\gameserver\release\gameserver_ex603cs\monsteraielement.obj
e:\vanthanhmuonline\season6custom\source\server\gameserver\gameserver\release\gameserver_ex603cs\monsteraiautomatainfo.obj
e:\vanthanhmuonline\season6custom\source\server\gameserver\gameserver\release\gameserver_ex603cs\monsteraiautomata.obj
e:\vanthanhmuonline\season6custom\source\server\gameserver\gameserver\release\gameserver_ex603cs\monsteraiagro.obj
e:\vanthanhmuonline\season6custom\source\server\gameserver\gameserver\release\gameserver_ex603cs\monsterai.obj
e:\vanthanhmuonline\season6custom\source\server\gameserver\gameserver\release\gameserver_ex603cs\monster.obj
e:\vanthanhmuonline\season6custom\source\server\gameserver\gameserver\release\gameserver_ex603cs\miningsystem.obj
e:\vanthanhmuonline\season6custom\source\server\gameserver\gameserver\release\gameserver_ex603cs\minimap.obj
e:\vanthanhmuonline\season6custom\source\server\gameserver\gameserver\release\gameserver_ex603cs\minidump.obj
e:\vanthanhmuonline\season6custom\source\server\gameserver\gameserver\release\gameserver_ex603cs\message.obj
e:\vanthanhmuonline\season6custom\source\server\gameserver\gameserver\release\gameserver_ex603cs\mercenary.obj
e:\vanthanhmuonline\season6custom\source\server\gameserver\gameserver\release\gameserver_ex603cs\memscript.obj
e:\vanthanhmuonline\season6custom\source\server\gameserver\gameserver\release\gameserver_ex603cs\memoryallocatorinfo.obj
e:\vanthanhmuonline\season6custom\source\server\gameserver\gameserver\release\gameserver_ex603cs\memoryallocator.obj
e:\vanthanhmuonline\season6custom\source\server\gameserver\gameserver\release\gameserver_ex603cs\masterskilltree.obj
e:\vanthanhmuonline\season6custom\source\server\gameserver\gameserver\release\gameserver_ex603cs\murummy.obj
e:\vanthanhmuonline\season6custom\source\server\gameserver\gameserver\release\gameserver_ex603cs\movesummon.obj
e:\vanthanhmuonline\season6custom\source\server\gameserver\gameserver\release\gameserver_ex603cs\move.obj
e:\vanthanhmuonline\season6custom\source\server\gameserver\gameserver\release\gameserver_ex603cs\mossmerchant.obj
e:\vanthanhmuonline\season6custom\source\server\gameserver\gameserver\release\gameserver_ex603cs\monsterskillunitinfo.obj
e:\vanthanhmuonline\season6custom\source\server\gameserver\gameserver\release\gameserver_ex603cs\monsterskillunit.obj
e:\vanthanhmuonline\season6custom\source\server\gameserver\gameserver\release\gameserver_ex603cs\monsterskillmanager.obj
e:\vanthanhmuonline\season6custom\source\server\gameserver\gameserver\release\gameserver_ex603cs\monsterskillinfo.obj
e:\vanthanhmuonline\season6custom\source\server\gameserver\gameserver\release\gameserver_ex603cs\monsterskillelementoption.obj
e:\vanthanhmuonline\season6custom\source\server\gameserver\gameserver\release\gameserver_ex603cs\monsterskillelementinfo.obj
e:\vanthanhmuonline\season6custom\source\server\gameserver\gameserver\release\gameserver_ex603cs\monsterskillelement.obj
e:\vanthanhmuonline\season6custom\source\server\gameserver\gameserver\release\gameserver_ex603cs\monstersetbase.obj
e:\vanthanhmuonline\season6custom\source\server\gameserver\gameserver\release\gameserver_ex603cs\monsterreward.obj
e:\vanthanhmuonline\season6custom\source\server\gameserver\gameserver\release\gameserver_ex603cs\monstermanager.obj
e:\vanthanhmuonline\season6custom\source\server\gameserver\gameserver\release\gameserver_ex603cs\monsteraiutil.obj
e:\vanthanhmuonline\season6custom\source\server\gameserver\gameserver\release\gameserver_ex603cs\monsteraiunitinfo.obj
e:\vanthanhmuonline\season6custom\source\server\gameserver\gameserver\release\gameserver_ex603cs\monsteraiunit.obj
e:\vanthanhmuonline\season6custom\source\server\gameserver\gameserver\release\gameserver_ex603cs\monsteraistate.obj
e:\vanthanhmuonline\season6custom\source\server\gameserver\gameserver\release\gameserver_ex603cs\monsterairuleinfo.obj
e:\vanthanhmuonline\season6custom\source\server\gameserver\gameserver\release\gameserver_ex603cs\monsterairule.obj
e:\vanthanhmuonline\season6custom\source\server\gameserver\gameserver\release\gameserver_ex603cs\questreward.obj
e:\vanthanhmuonline\season6custom\source\server\gameserver\gameserver\release\gameserver_ex603cs\questobjective.obj
e:\vanthanhmuonline\season6custom\source\server\gameserver\gameserver\release\gameserver_ex603cs\quest.obj
e:\vanthanhmuonline\season6custom\source\server\gameserver\gameserver\release\gameserver_ex603cs\protocol.obj
e:\vanthanhmuonline\season6custom\source\server\gameserver\gameserver\release\gameserver_ex603cs\protect.obj
e:\vanthanhmuonline\season6custom\source\server\gameserver\gameserver\release\gameserver_ex603cs\premiumdrop.obj
e:\vanthanhmuonline\season6custom\source\server\gameserver\gameserver\release\gameserver_ex603cs\pksystem.obj
e:\vanthanhmuonline\season6custom\source\server\gameserver\gameserver\release\gameserver_ex603cs\personalshop.obj
e:\vanthanhmuonline\season6custom\source\server\gameserver\gameserver\release\gameserver_ex603cs\pentagramsystem.obj
e:\vanthanhmuonline\season6custom\source\server\gameserver\gameserver\release\gameserver_ex603cs\pcpoint.obj
e:\vanthanhmuonline\season6custom\source\server\gameserver\gameserver\release\gameserver_ex603cs\path.obj
e:\vanthanhmuonline\season6custom\source\server\gameserver\gameserver\release\gameserver_ex603cs\partysearch.obj
e:\vanthanhmuonline\season6custom\source\server\gameserver\gameserver\release\gameserver_ex603cs\partymatching.obj
e:\vanthanhmuonline\season6custom\source\server\gameserver\gameserver\release\gameserver_ex603cs\party.obj
e:\vanthanhmuonline\season6custom\source\server\gameserver\gameserver\release\gameserver_ex603cs\packetmanager.obj
e:\vanthanhmuonline\season6custom\source\server\gameserver\gameserver\release\gameserver_ex603cs\offlinemode.obj
e:\vanthanhmuonline\season6custom\source\server\gameserver\gameserver\release\gameserver_ex603cs\objectmanager.obj
e:\vanthanhmuonline\season6custom\source\server\gameserver\gameserver\release\gameserver_ex603cs\npctalk.obj
e:\vanthanhmuonline\season6custom\source\server\gameserver\gameserver\release\gameserver_ex603cs\notice.obj
e:\vanthanhmuonline\season6custom\source\server\gameserver\gameserver\release\gameserver_ex603cs\muunsystem.obj
e:\vanthanhmuonline\season6custom\source\server\gameserver\gameserver\release\gameserver_ex603cs\ruudtokenselltemplate.obj
e:\vanthanhmuonline\season6custom\source\server\gameserver\gameserver\release\gameserver_ex603cs\rewardsystem.obj
e:\vanthanhmuonline\season6custom\source\server\gameserver\gameserver\release\gameserver_ex603cs\respawnlocation.obj
e:\vanthanhmuonline\season6custom\source\server\gameserver\gameserver\release\gameserver_ex603cs\resettable.obj
e:\vanthanhmuonline\season6custom\source\server\gameserver\gameserver\release\gameserver_ex603cs\resetsystem.obj
e:\vanthanhmuonline\season6custom\source\server\gameserver\gameserver\release\gameserver_ex603cs\reidomu.obj
e:\vanthanhmuonline\season6custom\source\server\gameserver\gameserver\release\gameserver_ex603cs\reconnect.obj
e:\vanthanhmuonline\season6custom\source\server\gameserver\gameserver\release\gameserver_ex603cs\randommanager.obj
e:\vanthanhmuonline\season6custom\source\server\gameserver\gameserver\release\gameserver_ex603cs\raklionutil.obj
e:\vanthanhmuonline\season6custom\source\server\gameserver\gameserver\release\gameserver_ex603cs\raklionselupan.obj
e:\vanthanhmuonline\season6custom\source\server\gameserver\gameserver\release\gameserver_ex603cs\raklionobjinfo.obj
e:\vanthanhmuonline\season6custom\source\server\gameserver\gameserver\release\gameserver_ex603cs\raklionbattleusermng.obj
e:\vanthanhmuonline\season6custom\source\server\gameserver\gameserver\release\gameserver_ex603cs\raklionbattleuser.obj
e:\vanthanhmuonline\season6custom\source\server\gameserver\gameserver\release\gameserver_ex603cs\raklionbattleofselupan.obj
e:\vanthanhmuonline\season6custom\source\server\gameserver\gameserver\release\gameserver_ex603cs\raklion.obj
e:\vanthanhmuonline\season6custom\source\server\gameserver\gameserver\release\gameserver_ex603cs\queuetimer.obj
e:\vanthanhmuonline\season6custom\source\server\gameserver\gameserver\release\gameserver_ex603cs\queue.obj
e:\vanthanhmuonline\season6custom\source\server\gameserver\gameserver\release\gameserver_ex603cs\questworldreward.obj
e:\vanthanhmuonline\season6custom\source\server\gameserver\gameserver\release\gameserver_ex603cs\questworldobjective.obj
e:\vanthanhmuonline\season6custom\source\server\gameserver\gameserver\release\gameserver_ex603cs\questworld.obj
e:\vanthanhmuonline\season6custom\source\server\gameserver\gameserver\release\gameserver_ex603cs\teleportmarlon.obj
e:\vanthanhmuonline\season6custom\source\server\gameserver\gameserver\release\gameserver_ex603cs\summonscroll.obj
e:\vanthanhmuonline\season6custom\source\server\gameserver\gameserver\release\gameserver_ex603cs\statsadvance.obj
e:\vanthanhmuonline\season6custom\source\server\gameserver\gameserver\release\gameserver_ex603cs\socketmanagerudp.obj
e:\vanthanhmuonline\season6custom\source\server\gameserver\gameserver\release\gameserver_ex603cs\socketmanager.obj
e:\vanthanhmuonline\season6custom\source\server\gameserver\gameserver\release\gameserver_ex603cs\socketitemtype.obj
e:\vanthanhmuonline\season6custom\source\server\gameserver\gameserver\release\gameserver_ex603cs\socketitemoption.obj
e:\vanthanhmuonline\season6custom\source\server\gameserver\gameserver\release\gameserver_ex603cs\skyevent.obj
e:\vanthanhmuonline\season6custom\source\server\gameserver\gameserver\release\gameserver_ex603cs\skillmanager.obj
e:\vanthanhmuonline\season6custom\source\server\gameserver\gameserver\release\gameserver_ex603cs\skillhitbox.obj
e:\vanthanhmuonline\season6custom\source\server\gameserver\gameserver\release\gameserver_ex603cs\skill.obj
e:\vanthanhmuonline\season6custom\source\server\gameserver\gameserver\release\gameserver_ex603cs\shoppointex.obj
e:\vanthanhmuonline\season6custom\source\server\gameserver\gameserver\release\gameserver_ex603cs\shopmanager.obj
e:\vanthanhmuonline\season6custom\source\server\gameserver\gameserver\release\gameserver_ex603cs\shop.obj
e:\vanthanhmuonline\season6custom\source\server\gameserver\gameserver\release\gameserver_ex603cs\setitemtype.obj
e:\vanthanhmuonline\season6custom\source\server\gameserver\gameserver\release\gameserver_ex603cs\setitemoption.obj
e:\vanthanhmuonline\season6custom\source\server\gameserver\gameserver\release\gameserver_ex603cs\serverinfo.obj
e:\vanthanhmuonline\season6custom\source\server\gameserver\gameserver\release\gameserver_ex603cs\serverdisplayer.obj
e:\vanthanhmuonline\season6custom\source\server\gameserver\gameserver\release\gameserver_ex603cs\serialcheck.obj
e:\vanthanhmuonline\season6custom\source\server\gameserver\gameserver\release\gameserver_ex603cs\schedulemanager.obj
e:\vanthanhmuonline\season6custom\source\server\gameserver\gameserver\release\gameserver_ex603cs\zendrop.obj
e:\vanthanhmuonline\season6custom\source\server\gameserver\gameserver\release\gameserver_ex603cs\warehouse.obj
e:\vanthanhmuonline\season6custom\source\server\gameserver\gameserver\release\gameserver_ex603cs\viewport.obj
e:\vanthanhmuonline\season6custom\source\server\gameserver\gameserver\release\gameserver_ex603cs\util.obj
e:\vanthanhmuonline\season6custom\source\server\gameserver\gameserver\release\gameserver_ex603cs\user.obj
e:\vanthanhmuonline\season6custom\source\server\gameserver\gameserver\release\gameserver_ex603cs\unioninfo.obj
e:\vanthanhmuonline\season6custom\source\server\gameserver\gameserver\release\gameserver_ex603cs\union.obj
e:\vanthanhmuonline\season6custom\source\server\gameserver\gameserver\release\gameserver_ex603cs\trade.obj
e:\vanthanhmuonline\season6custom\source\server\gameserver\gameserver\release\gameserver_ex603cs\thumuadoexc.obj
e:\vanthanhmuonline\season6custom\source\server\gameserver\gameserver\release\gameserver_ex603cs\pugixml.obj
e:\season 6 emu 15 fix\muserver\gameservercs\gameservercs.exe
e:\season 6 emu 15 fix\source\server\gameserver\gameserver\release\gameserver_ex603cs\gameservercs.exe.intermediate.manifest
e:\season 6 emu 15 fix\muserver\gameservercs\gameservercs.pdb
e:\emus6new\muserver\sub-1\gameservercs\gameservercs.exe
e:\emus6new\source\server\gameserver\gameserver\release\gameserver_ex603cs\gameservercs.exe.intermediate.manifest
e:\emus6new\muserver\sub-1\gameservercs\gameservercs.pdb
e:\vanthanhmuonline\season6custom\muserver\sub-1\gameservercs\gameservercs.exe
e:\vanthanhmuonline\season6custom\source\server\gameserver\gameserver\release\gameserver_ex603cs\gameservercs.exe.intermediate.manifest
e:\vanthanhmuonline\season6custom\muserver\sub-1\gameservercs\gameservercs.pdb
e:\season 6 emu 15 fix\source\server\gameserver\gameserver\release\gameserver_ex603cs\gameserver.res
e:\emus6new\source\server\gameserver\gameserver\release\gameserver_ex603cs\gameserver.res
e:\vanthanhmuonline\season6custom\source\server\gameserver\gameserver\release\gameserver_ex603cs\gameserver.res
e:\vanthanhmuonline\season6custom\source\server\gameserver\gameserver\release\gameserver_ex603cs\customnhiemvudays.obj
e:\vanthanhmuonline\season6custom\source\server\gameserver\gameserver\release\gameserver_ex603cs\license.obj
e:\vanthanhmuonline\season6custom\source\server\gameserver\gameserver\release\gameserver_ex603cs\monstercall.obj
e:\vanthanhmuonline\season6custom\source\server\gameserver\gameserver\release\gameserver_ex603cs\cl.command.1.tlog
e:\vanthanhmuonline\season6custom\source\server\gameserver\gameserver\release\gameserver_ex603cs\cl.read.1.tlog
e:\vanthanhmuonline\season6custom\source\server\gameserver\gameserver\release\gameserver_ex603cs\cl.write.1.tlog
e:\vanthanhmuonline\season6custom\source\server\gameserver\gameserver\release\gameserver_ex603cs\link-cvtres.read.1.tlog
e:\vanthanhmuonline\season6custom\source\server\gameserver\gameserver\release\gameserver_ex603cs\link-cvtres.write.1.tlog
e:\vanthanhmuonline\season6custom\source\server\gameserver\gameserver\release\gameserver_ex603cs\link.command.1.tlog
e:\vanthanhmuonline\season6custom\source\server\gameserver\gameserver\release\gameserver_ex603cs\link.read.1.tlog
e:\vanthanhmuonline\season6custom\source\server\gameserver\gameserver\release\gameserver_ex603cs\link.write.1.tlog
e:\vanthanhmuonline\season6custom\source\server\gameserver\gameserver\release\gameserver_ex603cs\mt.command.1.tlog
e:\vanthanhmuonline\season6custom\source\server\gameserver\gameserver\release\gameserver_ex603cs\mt.read.1.tlog
e:\vanthanhmuonline\season6custom\source\server\gameserver\gameserver\release\gameserver_ex603cs\mt.write.1.tlog
e:\vanthanhmuonline\season6custom\source\server\gameserver\gameserver\release\gameserver_ex603cs\rc.command.1.tlog
e:\vanthanhmuonline\season6custom\source\server\gameserver\gameserver\release\gameserver_ex603cs\rc.read.1.tlog
e:\vanthanhmuonline\season6custom\source\server\gameserver\gameserver\release\gameserver_ex603cs\rc.write.1.tlog
e:\vanthanhmuonline\season6custom\source\server\gameserver\gameserver\..\..\..\..\muserver\sub-1\gameservercs\gameservercs.exe
