Build started 25/02/2022 12:46:57 AM.
     1>Project "E:\VanThanhMuOnline\Season6Custom\Source\Server\JoinServer\JoinServer\JoinServer.vcxproj" on node 2 (Build target(s)).
     1>C:\Program Files (x86)\MSBuild\Microsoft.Cpp\v4.0\Microsoft.CppBuild.targets(299,5): warning MSB8004: Output Directory does not end with a trailing slash.  This build instance will add the slash as it is required to allow proper evaluation of the Output Directory.
     1>ClCompile:
         C:\Program Files (x86)\Microsoft Visual Studio 10.0\VC\bin\CL.exe /c /Zi /nologo /W0 /WX- /O2 /Oi /Oy- /GL /D WIN32 /D NDEBUG /D _WINDOWS /D JOINSERVER_UPDATE=603 /D _MBCS /Gm- /EHsc /MD /GS /Gy /fp:precise /Zc:wchar_t /Zc:forScope /Yu"StdAfx.h" /Fp"Release\JoinServer_EX603\JoinServer.pch" /Fo"Release\JoinServer_EX603\\" /Fd"Release\JoinServer_EX603\vc100.pdb" /Gd /TP /analyze- /errorReport:prompt AccountManager.cpp AllowableIpList.cpp JoinServer.cpp JoinServerProtocol.cpp QueryManager.cpp ServerDisplayer.cpp ServerManager.cpp SocketManager.cpp SocketManagerUdp.cpp Util.cpp
         AccountManager.cpp
         AllowableIpList.cpp
         JoinServer.cpp
         JoinServerProtocol.cpp
         QueryManager.cpp
         ServerDisplayer.cpp
         ServerManager.cpp
         SocketManager.cpp
         SocketManagerUdp.cpp
         Util.cpp
       Link:
         C:\Program Files (x86)\Microsoft Visual Studio 10.0\VC\bin\link.exe /ERRORREPORT:PROMPT /OUT:"..\..\..\..\MuServer\JoinServer\JoinServer.exe" /INCREMENTAL:NO /NOLOGO kernel32.lib user32.lib gdi32.lib winspool.lib comdlg32.lib advapi32.lib shell32.lib ole32.lib oleaut32.lib uuid.lib odbc32.lib odbccp32.lib /MANIFEST /ManifestFile:"Release\JoinServer_EX603\JoinServer.exe.intermediate.manifest" /MANIFESTUAC:"level='asInvoker' uiAccess='false'" /DEBUG /PDB:"E:\VanThanhMuOnline\Season6Custom\MuServer\JoinServer\JoinServer.pdb" /SUBSYSTEM:WINDOWS /OPT:REF /OPT:ICF /LTCG /TLBID:1 /DYNAMICBASE /NXCOMPAT /IMPLIB:"..\..\..\..\MuServer\JoinServer\JoinServer.lib" /MACHINE:X86 Release\JoinServer_EX603\JoinServer.res
         Release\JoinServer_EX603\MD5.obj
         Release\JoinServer_EX603\AccountManager.obj
         Release\JoinServer_EX603\AllowableIpList.obj
         Release\JoinServer_EX603\CriticalSection.obj
         Release\JoinServer_EX603\JoinServer.obj
         Release\JoinServer_EX603\JoinServerProtocol.obj
         Release\JoinServer_EX603\Log.obj
         Release\JoinServer_EX603\MemScript.obj
         Release\JoinServer_EX603\MiniDump.obj
         Release\JoinServer_EX603\Protect.obj
         Release\JoinServer_EX603\QueryManager.obj
         Release\JoinServer_EX603\Queue.obj
         Release\JoinServer_EX603\ServerDisplayer.obj
         Release\JoinServer_EX603\ServerManager.obj
         Release\JoinServer_EX603\SocketManager.obj
         Release\JoinServer_EX603\SocketManagerUdp.obj
         Release\JoinServer_EX603\stdafx.obj
         Release\JoinServer_EX603\Util.obj
         Generating code
         Finished generating code
         JoinServer.vcxproj -> E:\VanThanhMuOnline\Season6Custom\Source\Server\JoinServer\JoinServer\..\..\..\..\MuServer\JoinServer\JoinServer.exe
       Manifest:
         C:\Program Files (x86)\Microsoft SDKs\Windows\v7.0A\bin\mt.exe /nologo /verbose /outputresource:"..\..\..\..\MuServer\JoinServer\JoinServer.exe;#1" /manifest Release\JoinServer_EX603\JoinServer.exe.intermediate.manifest
     1>Done Building Project "E:\VanThanhMuOnline\Season6Custom\Source\Server\JoinServer\JoinServer\JoinServer.vcxproj" (Build target(s)).

Build succeeded.

Time Elapsed 00:00:01.11
