e:\vanthanhmuonline\season6custom\source\encryptbmd\encryptbmd\premium\encryptbmd.pch
e:\vanthanhmuonline\season6custom\source\encryptbmd\encryptbmd\premium\stdafx.obj
e:\vanthanhmuonline\season6custom\source\encryptbmd\encryptbmd\premium\vc100.pdb
e:\vanthanhmuonline\season6custom\source\encryptbmd\encryptbmd\premium\customwing.obj
e:\vanthanhmuonline\season6custom\source\encryptbmd\encryptbmd\premium\custompeteffect.obj
e:\vanthanhmuonline\season6custom\source\encryptbmd\encryptbmd\premium\custompet.obj
e:\vanthanhmuonline\season6custom\source\encryptbmd\encryptbmd\premium\customnpcname.obj
e:\vanthanhmuonline\season6custom\source\encryptbmd\encryptbmd\premium\custommonsterglow.obj
e:\vanthanhmuonline\season6custom\source\encryptbmd\encryptbmd\premium\custommonster.obj
e:\vanthanhmuonline\season6custom\source\encryptbmd\encryptbmd\premium\custommessage.obj
e:\vanthanhmuonline\season6custom\source\encryptbmd\encryptbmd\premium\custommap.obj
e:\vanthanhmuonline\season6custom\source\encryptbmd\encryptbmd\premium\customjewel.obj
e:\vanthanhmuonline\season6custom\source\encryptbmd\encryptbmd\premium\customitemposition.obj
e:\vanthanhmuonline\season6custom\source\encryptbmd\encryptbmd\premium\customitem.obj
e:\vanthanhmuonline\season6custom\source\encryptbmd\encryptbmd\premium\customgloves.obj
e:\vanthanhmuonline\season6custom\source\encryptbmd\encryptbmd\premium\customeventtimetext.obj
e:\vanthanhmuonline\season6custom\source\encryptbmd\encryptbmd\premium\customeffectremake.obj
e:\vanthanhmuonline\season6custom\source\encryptbmd\encryptbmd\premium\customeffectdynamic.obj
e:\vanthanhmuonline\season6custom\source\encryptbmd\encryptbmd\premium\customcrossbow.obj
e:\vanthanhmuonline\season6custom\source\encryptbmd\encryptbmd\premium\customcloak.obj
e:\vanthanhmuonline\season6custom\source\encryptbmd\encryptbmd\premium\custombuyvip.obj
e:\vanthanhmuonline\season6custom\source\encryptbmd\encryptbmd\premium\ccpetrendermesh.obj
e:\vanthanhmuonline\season6custom\source\encryptbmd\encryptbmd\premium\ccrc32.obj
e:\vanthanhmuonline\season6custom\source\encryptbmd\encryptbmd\premium\tooltipbuff.obj
e:\vanthanhmuonline\season6custom\source\encryptbmd\encryptbmd\premium\smokeeffect.obj
e:\vanthanhmuonline\season6custom\source\encryptbmd\encryptbmd\premium\multiselect.obj
e:\vanthanhmuonline\season6custom\source\encryptbmd\encryptbmd\premium\monstereffect.obj
e:\vanthanhmuonline\season6custom\source\encryptbmd\encryptbmd\premium\monster.obj
e:\vanthanhmuonline\season6custom\source\encryptbmd\encryptbmd\premium\modeleffect.obj
e:\vanthanhmuonline\season6custom\source\encryptbmd\encryptbmd\premium\memscript.obj
e:\vanthanhmuonline\season6custom\source\encryptbmd\encryptbmd\premium\jcrendernoitemglow.obj
e:\vanthanhmuonline\season6custom\source\encryptbmd\encryptbmd\premium\itemvalue.obj
e:\vanthanhmuonline\season6custom\source\encryptbmd\encryptbmd\premium\itemtooltip.obj
e:\vanthanhmuonline\season6custom\source\encryptbmd\encryptbmd\premium\itemmanager.obj
e:\vanthanhmuonline\season6custom\source\encryptbmd\encryptbmd\premium\infolog.obj
e:\vanthanhmuonline\season6custom\source\encryptbmd\encryptbmd\premium\fog.obj
e:\vanthanhmuonline\season6custom\source\encryptbmd\encryptbmd\premium\encryptbmd.obj
e:\vanthanhmuonline\season6custom\source\encryptbmd\encryptbmd\premium\customwingeffect.obj
e:\vanthanhmuonline\season6custom\ghetmainpremium\encryptbmd.exe
e:\vanthanhmuonline\season6custom\source\encryptbmd\encryptbmd\premium\encryptbmd.exe.intermediate.manifest
e:\vanthanhmuonline\season6custom\ghetmainpremium\encryptbmd.pdb
e:\vanthanhmuonline\season6custom\source\encryptbmd\encryptbmd\premium\encryptbmd.res
e:\vanthanhmuonline\season6custom\source\encryptbmd\encryptbmd\premium\cl.command.1.tlog
e:\vanthanhmuonline\season6custom\source\encryptbmd\encryptbmd\premium\cl.read.1.tlog
e:\vanthanhmuonline\season6custom\source\encryptbmd\encryptbmd\premium\cl.write.1.tlog
e:\vanthanhmuonline\season6custom\source\encryptbmd\encryptbmd\premium\link-cvtres.read.1.tlog
e:\vanthanhmuonline\season6custom\source\encryptbmd\encryptbmd\premium\link-cvtres.write.1.tlog
e:\vanthanhmuonline\season6custom\source\encryptbmd\encryptbmd\premium\link.command.1.tlog
e:\vanthanhmuonline\season6custom\source\encryptbmd\encryptbmd\premium\link.read.1.tlog
e:\vanthanhmuonline\season6custom\source\encryptbmd\encryptbmd\premium\link.write.1.tlog
e:\vanthanhmuonline\season6custom\source\encryptbmd\encryptbmd\premium\mt.command.1.tlog
e:\vanthanhmuonline\season6custom\source\encryptbmd\encryptbmd\premium\mt.read.1.tlog
e:\vanthanhmuonline\season6custom\source\encryptbmd\encryptbmd\premium\mt.write.1.tlog
e:\vanthanhmuonline\season6custom\source\encryptbmd\encryptbmd\premium\rc.command.1.tlog
e:\vanthanhmuonline\season6custom\source\encryptbmd\encryptbmd\premium\rc.read.1.tlog
e:\vanthanhmuonline\season6custom\source\encryptbmd\encryptbmd\premium\rc.write.1.tlog
e:\vanthanhmuonline\season6custom\source\encryptbmd\encryptbmd\..\..\..\ghetmainpremium\encryptbmd.exe
