Build started 13/03/2022 12:11:37 PM.
     1>Project "E:\VanThanhMuOnline\Season6Custom\Source\EncryptBMD\EncryptBMD\EncryptBMD.vcxproj" on node 2 (Build target(s)).
     1>C:\Program Files (x86)\MSBuild\Microsoft.Cpp\v4.0\Microsoft.CppBuild.targets(299,5): warning MSB8004: Output Directory does not end with a trailing slash.  This build instance will add the slash as it is required to allow proper evaluation of the Output Directory.
     1>ClCompile:
         C:\Program Files (x86)\Microsoft Visual Studio 10.0\VC\bin\CL.exe /c /Zi /nologo /W3 /WX- /O2 /Oi /Oy- /GL /D WIN32 /D NDEBUG /D _CONSOLE /D GAMESERVER_PREMIUM=1 /D _MBCS /Gm- /EHsc /MT /GS /Gy /fp:precise /Zc:wchar_t /Zc:forScope /Yc"StdAfx.h" /Fp"PREMIUM\EncryptBMD.pch" /Fo"PREMIUM\\" /Fd"PREMIUM\vc100.pdb" /Gd /TP /analyze- /errorReport:prompt stdafx.cpp
         stdafx.cpp
         C:\Program Files (x86)\Microsoft Visual Studio 10.0\VC\bin\CL.exe /c /Zi /nologo /W3 /WX- /O2 /Oi /Oy- /GL /D WIN32 /D NDEBUG /D _CONSOLE /D GAMESERVER_PREMIUM=1 /D _MBCS /Gm- /EHsc /MT /GS /Gy /fp:precise /Zc:wchar_t /Zc:forScope /Yu"StdAfx.h" /Fp"PREMIUM\EncryptBMD.pch" /Fo"PREMIUM\\" /Fd"PREMIUM\vc100.pdb" /Gd /TP /analyze- /errorReport:prompt ..\..\Util\CCRC32.Cpp cCPetRenderMesh.cpp CustomBuyVip.cpp CustomCloak.cpp CustomCrossBow.cpp CustomEffectDynamic.cpp CustomEffectRemake.cpp CustomEventTimeText.cpp CustomGloves.cpp CustomItem.cpp CustomItemPosition.cpp CustomJewel.cpp CustomMap.cpp CustomMessage.cpp CustomMonster.cpp CustomMonsterGlow.cpp CustomNpcName.cpp CustomPet.cpp CustomPetEffect.cpp CustomWing.cpp CustomWIngEffect.cpp EncryptBMD.cpp Fog.cpp InfoLog.cpp ItemManager.cpp ItemTooltip.cpp ItemValue.cpp JCRendernoItemGlow.cpp MemScript.cpp ModelEffect.cpp Monster.cpp MonsterEffect.cpp MultiSelect.cpp SmokeEffect.cpp tooltipbuff.cpp
         CCRC32.Cpp
         cCPetRenderMesh.cpp
         CustomBuyVip.cpp
         CustomCloak.cpp
         CustomCrossBow.cpp
         CustomEffectDynamic.cpp
         CustomEffectRemake.cpp
         CustomEventTimeText.cpp
         CustomGloves.cpp
         CustomItem.cpp
         CustomItemPosition.cpp
         CustomJewel.cpp
         CustomMap.cpp
         CustomMessage.cpp
         CustomMonster.cpp
         CustomMonsterGlow.cpp
         CustomNpcName.cpp
         CustomPet.cpp
         CustomPetEffect.cpp
         CustomWing.cpp
         Compiling...
         CustomWIngEffect.cpp
         EncryptBMD.cpp
         Fog.cpp
         InfoLog.cpp
         ItemManager.cpp
         ItemTooltip.cpp
         ItemValue.cpp
         JCRendernoItemGlow.cpp
         MemScript.cpp
         ModelEffect.cpp
         Monster.cpp
         MonsterEffect.cpp
         MultiSelect.cpp
         SmokeEffect.cpp
         tooltipbuff.cpp
       ResourceCompile:
         C:\Program Files (x86)\Microsoft SDKs\Windows\v7.0A\bin\rc.exe /l"0x0409" /nologo /fo"PREMIUM\EncryptBMD.res" EncryptBMD.rc 
       Link:
         C:\Program Files (x86)\Microsoft Visual Studio 10.0\VC\bin\link.exe /ERRORREPORT:PROMPT /OUT:"..\..\..\GhetMainPremium\EncryptBMD.exe" /INCREMENTAL:NO /NOLOGO kernel32.lib user32.lib gdi32.lib winspool.lib comdlg32.lib advapi32.lib shell32.lib ole32.lib oleaut32.lib uuid.lib odbc32.lib odbccp32.lib /MANIFEST /ManifestFile:"PREMIUM\EncryptBMD.exe.intermediate.manifest" /MANIFESTUAC:"level='asInvoker' uiAccess='false'" /DEBUG /PDB:"E:\VanThanhMuOnline\Season6Custom\GhetMainPremium\EncryptBMD.pdb" /SUBSYSTEM:CONSOLE /STACK:"4097152","4097152" /OPT:REF /OPT:ICF /LTCG /TLBID:1 /DYNAMICBASE /NXCOMPAT /IMPLIB:"..\..\..\GhetMainPremium\EncryptBMD.lib" /MACHINE:X86 PREMIUM\EncryptBMD.res
         PREMIUM\CCRC32.obj
         PREMIUM\cCPetRenderMesh.obj
         PREMIUM\CustomBuyVip.obj
         PREMIUM\CustomCloak.obj
         PREMIUM\CustomCrossBow.obj
         PREMIUM\CustomEffectDynamic.obj
         PREMIUM\CustomEffectRemake.obj
         PREMIUM\CustomEventTimeText.obj
         PREMIUM\CustomGloves.obj
         PREMIUM\CustomItem.obj
         PREMIUM\CustomItemPosition.obj
         PREMIUM\CustomJewel.obj
         PREMIUM\CustomMap.obj
         PREMIUM\CustomMessage.obj
         PREMIUM\CustomMonster.obj
         PREMIUM\CustomMonsterGlow.obj
         PREMIUM\CustomNpcName.obj
         PREMIUM\CustomPet.obj
         PREMIUM\CustomPetEffect.obj
         PREMIUM\CustomWing.obj
         PREMIUM\CustomWIngEffect.obj
         PREMIUM\EncryptBMD.obj
         PREMIUM\Fog.obj
         PREMIUM\InfoLog.obj
         PREMIUM\ItemManager.obj
         PREMIUM\ItemTooltip.obj
         PREMIUM\ItemValue.obj
         PREMIUM\JCRendernoItemGlow.obj
         PREMIUM\MemScript.obj
         PREMIUM\ModelEffect.obj
         PREMIUM\Monster.obj
         PREMIUM\MonsterEffect.obj
         PREMIUM\MultiSelect.obj
         PREMIUM\SmokeEffect.obj
         PREMIUM\stdafx.obj
         PREMIUM\tooltipbuff.obj
         Generating code
         Finished generating code
         EncryptBMD.vcxproj -> E:\VanThanhMuOnline\Season6Custom\Source\EncryptBMD\EncryptBMD\..\..\..\GhetMainPremium\EncryptBMD.exe
       Manifest:
         C:\Program Files (x86)\Microsoft SDKs\Windows\v7.0A\bin\mt.exe /nologo /verbose /outputresource:"..\..\..\GhetMainPremium\EncryptBMD.exe;#1" /manifest PREMIUM\EncryptBMD.exe.intermediate.manifest
     1>Done Building Project "E:\VanThanhMuOnline\Season6Custom\Source\EncryptBMD\EncryptBMD\EncryptBMD.vcxproj" (Build target(s)).

Build succeeded.

Time Elapsed 00:00:05.08
